<?xml version="1.0" encoding="UTF-8"?>
<testsuite name="Utest Plataform" tests="1" skipped="0" failures="0" errors="0" timestamp="2021-11-04T21:25:28" hostname="CHMEPPF1JVKUB" time="42.639">
  <properties/>
  <testcase name="Utest registration" classname="Utest Plataform" time="42.639"/>
  <system-out><![CDATA[]]></system-out>
  <system-err><![CDATA[[Test worker] WARN net.thucydides.core.steps.BaseStepListener - stepStarted: net.thucydides.core.steps.ExecutedStepDescription@ecebcb7
[Test worker] WARN net.thucydides.core.steps.BaseStepListener - stepStarted: net.thucydides.core.steps.ExecutedStepDescription@1e8a32a
[Test worker] WARN net.thucydides.core.steps.BaseStepListener - stepStarted: net.thucydides.core.steps.ExecutedStepDescription@213221b9
nov 04, 2021 4:25:28 PM org.openqa.selenium.remote.DesiredCapabilities chrome
INFORMACIÓN: Using `new ChromeOptions()` is preferred to `DesiredCapabilities.chrome()`
[Test worker] INFO net.serenitybdd.core.webdriver.driverproviders.ProvideNewDriver - Instantiating driver
[Test worker] INFO net.serenitybdd.core.webdriver.driverproviders.ProvideNewDriver - Driver capabilities: Capabilities {acceptInsecureCerts: false, browserName: chrome, chrome.switches: --start-maximized, goog:chromeOptions: {args: [--start-maximized], extensions: []}, loggingPrefs: org.openqa.selenium.logging..., platform: ANY, version: }
Starting ChromeDriver 95.0.4638.54 (d31a821ec901f68d0d34ccdbaea45b4c86ce543e-refs/branch-heads/4638@{#871}) on port 44201
Only local connections are allowed.
Please see https://chromedriver.chromium.org/security-considerations for suggestions on keeping ChromeDriver safe.
ChromeDriver was started successfully.
nov 04, 2021 4:25:33 PM org.openqa.selenium.remote.ProtocolHandshake createSession
INFORMACIÓN: Detected dialect: W3C
[Test worker] WARN net.thucydides.core.steps.BaseStepListener - stepFinished: current outcome:Utest registration:Given than Sonia want register on the utest plataform [Maria open up page [Maria opens the Utest open up page]]
[Test worker] WARN net.thucydides.core.steps.BaseStepListener - stepFinished: current outcome:Utest registration:Given than Sonia want register on the utest plataform [Maria open up page [Maria opens the Utest open up page]]
[Test worker] WARN net.thucydides.core.steps.BaseStepListener - stepStarted: net.thucydides.core.steps.ExecutedStepDescription@704a9667
[Test worker] WARN net.thucydides.core.steps.BaseStepListener - stepStarted: net.thucydides.core.steps.ExecutedStepDescription@3738c964
[Test worker] WARN net.thucydides.core.steps.BaseStepListener - stepFinished: current outcome:Utest registration:Given than Sonia want register on the utest plataform [Maria open up page [Maria opens the Utest open up page], Maria join button [Maria clicks on the Button Joion]]
[Test worker] WARN net.thucydides.core.steps.BaseStepListener - stepFinished: current outcome:Utest registration:Given than Sonia want register on the utest plataform [Maria open up page [Maria opens the Utest open up page], Maria join button [Maria clicks on the Button Joion]]
[Test worker] WARN net.thucydides.core.steps.BaseStepListener - stepFinished: current outcome:Utest registration:Given than Sonia want register on the utest plataform [Maria open up page [Maria opens the Utest open up page], Maria join button [Maria clicks on the Button Joion]]
[Test worker] WARN net.thucydides.core.steps.BaseStepListener - stepStarted: net.thucydides.core.steps.ExecutedStepDescription@1489c234
[Test worker] WARN net.thucydides.core.steps.BaseStepListener - stepStarted: net.thucydides.core.steps.ExecutedStepDescription@2f8d4b87
[Test worker] WARN net.thucydides.core.steps.BaseStepListener - stepStarted: net.thucydides.core.steps.ExecutedStepDescription@3c96bfdd
[Test worker] WARN net.thucydides.core.steps.BaseStepListener - stepFinished: current outcome:Utest registration:Given than Sonia want register on the utest plataform [Maria open up page [Maria opens the Utest open up page], Maria join button [Maria clicks on the Button Joion]], When she enters her data in the registration form
| firstname | lastname | email | month | day | year | city | zip | country | yourComputer | version | language | device | model | operatingSystem | password | ConfirmPassword |
| Maria | Villamil | marivilla@gmail.com | May | 12 | 1999 | Cucuta | 025120 | Colombia | Linux | vista 64-bit | Spanish | Apple | iPhone 3G | iOS 3.0 | 9517538246Pat | 9517538246Pat | [Maria data basic [Maria enters 'Maria' into First name]]
[Test worker] WARN net.thucydides.core.steps.BaseStepListener - stepStarted: net.thucydides.core.steps.ExecutedStepDescription@26cb69cd
[Test worker] WARN net.thucydides.core.steps.BaseStepListener - stepFinished: current outcome:Utest registration:Given than Sonia want register on the utest plataform [Maria open up page [Maria opens the Utest open up page], Maria join button [Maria clicks on the Button Joion]], When she enters her data in the registration form
| firstname | lastname | email | month | day | year | city | zip | country | yourComputer | version | language | device | model | operatingSystem | password | ConfirmPassword |
| Maria | Villamil | marivilla@gmail.com | May | 12 | 1999 | Cucuta | 025120 | Colombia | Linux | vista 64-bit | Spanish | Apple | iPhone 3G | iOS 3.0 | 9517538246Pat | 9517538246Pat | [Maria data basic [Maria enters 'Maria' into First name, Maria enters 'Villamil' into Last name]]
[Test worker] WARN net.thucydides.core.steps.BaseStepListener - stepStarted: net.thucydides.core.steps.ExecutedStepDescription@2fa52b2
[Test worker] WARN net.thucydides.core.steps.BaseStepListener - stepFinished: current outcome:Utest registration:Given than Sonia want register on the utest plataform [Maria open up page [Maria opens the Utest open up page], Maria join button [Maria clicks on the Button Joion]], When she enters her data in the registration form
| firstname | lastname | email | month | day | year | city | zip | country | yourComputer | version | language | device | model | operatingSystem | password | ConfirmPassword |
| Maria | Villamil | marivilla@gmail.com | May | 12 | 1999 | Cucuta | 025120 | Colombia | Linux | vista 64-bit | Spanish | Apple | iPhone 3G | iOS 3.0 | 9517538246Pat | 9517538246Pat | [Maria data basic [Maria enters 'Maria' into First name, Maria enters 'Villamil' into Last name, Maria enters 'marivilla@gmail.com' into Email]]
[Test worker] WARN net.thucydides.core.steps.BaseStepListener - stepStarted: net.thucydides.core.steps.ExecutedStepDescription@2255ec7f
[Test worker] WARN net.thucydides.core.steps.BaseStepListener - stepFinished: current outcome:Utest registration:Given than Sonia want register on the utest plataform [Maria open up page [Maria opens the Utest open up page], Maria join button [Maria clicks on the Button Joion]], When she enters her data in the registration form
| firstname | lastname | email | month | day | year | city | zip | country | yourComputer | version | language | device | model | operatingSystem | password | ConfirmPassword |
| Maria | Villamil | marivilla@gmail.com | May | 12 | 1999 | Cucuta | 025120 | Colombia | Linux | vista 64-bit | Spanish | Apple | iPhone 3G | iOS 3.0 | 9517538246Pat | 9517538246Pat | [Maria data basic [Maria enters 'Maria' into First name, Maria enters 'Villamil' into Last name, Maria enters 'marivilla@gmail.com' into Email, Maria select May on Month]]
[Test worker] WARN net.thucydides.core.steps.BaseStepListener - stepStarted: net.thucydides.core.steps.ExecutedStepDescription@6a75ab70
[Test worker] WARN net.thucydides.core.steps.BaseStepListener - stepFinished: current outcome:Utest registration:Given than Sonia want register on the utest plataform [Maria open up page [Maria opens the Utest open up page], Maria join button [Maria clicks on the Button Joion]], When she enters her data in the registration form
| firstname | lastname | email | month | day | year | city | zip | country | yourComputer | version | language | device | model | operatingSystem | password | ConfirmPassword |
| Maria | Villamil | marivilla@gmail.com | May | 12 | 1999 | Cucuta | 025120 | Colombia | Linux | vista 64-bit | Spanish | Apple | iPhone 3G | iOS 3.0 | 9517538246Pat | 9517538246Pat | [Maria data basic [Maria enters 'Maria' into First name, Maria enters 'Villamil' into Last name, Maria enters 'marivilla@gmail.com' into Email, Maria select May on Month, Maria select 12 on Day]]
[Test worker] WARN net.thucydides.core.steps.BaseStepListener - stepStarted: net.thucydides.core.steps.ExecutedStepDescription@2ce05915
[Test worker] WARN net.thucydides.core.steps.BaseStepListener - stepFinished: current outcome:Utest registration:Given than Sonia want register on the utest plataform [Maria open up page [Maria opens the Utest open up page], Maria join button [Maria clicks on the Button Joion]], When she enters her data in the registration form
| firstname | lastname | email | month | day | year | city | zip | country | yourComputer | version | language | device | model | operatingSystem | password | ConfirmPassword |
| Maria | Villamil | marivilla@gmail.com | May | 12 | 1999 | Cucuta | 025120 | Colombia | Linux | vista 64-bit | Spanish | Apple | iPhone 3G | iOS 3.0 | 9517538246Pat | 9517538246Pat | [Maria data basic [Maria enters 'Maria' into First name, Maria enters 'Villamil' into Last name, Maria enters 'marivilla@gmail.com' into Email, Maria select May on Month, Maria select 12 on Day, Maria select 1999 on Year]]
[Test worker] WARN net.thucydides.core.steps.BaseStepListener - stepStarted: net.thucydides.core.steps.ExecutedStepDescription@3403bb83
[Test worker] WARN net.thucydides.core.steps.BaseStepListener - stepFinished: current outcome:Utest registration:Given than Sonia want register on the utest plataform [Maria open up page [Maria opens the Utest open up page], Maria join button [Maria clicks on the Button Joion]], When she enters her data in the registration form
| firstname | lastname | email | month | day | year | city | zip | country | yourComputer | version | language | device | model | operatingSystem | password | ConfirmPassword |
| Maria | Villamil | marivilla@gmail.com | May | 12 | 1999 | Cucuta | 025120 | Colombia | Linux | vista 64-bit | Spanish | Apple | iPhone 3G | iOS 3.0 | 9517538246Pat | 9517538246Pat | [Maria data basic [Maria enters 'Maria' into First name, Maria enters 'Villamil' into Last name, Maria enters 'marivilla@gmail.com' into Email, Maria select May on Month, Maria select 12 on Day, Maria select 1999 on Year, Maria clicks on Botton next]]
[Test worker] WARN net.thucydides.core.steps.BaseStepListener - stepFinished: current outcome:Utest registration:Given than Sonia want register on the utest plataform [Maria open up page [Maria opens the Utest open up page], Maria join button [Maria clicks on the Button Joion]], When she enters her data in the registration form
| firstname | lastname | email | month | day | year | city | zip | country | yourComputer | version | language | device | model | operatingSystem | password | ConfirmPassword |
| Maria | Villamil | marivilla@gmail.com | May | 12 | 1999 | Cucuta | 025120 | Colombia | Linux | vista 64-bit | Spanish | Apple | iPhone 3G | iOS 3.0 | 9517538246Pat | 9517538246Pat | [Maria data basic [Maria enters 'Maria' into First name, Maria enters 'Villamil' into Last name, Maria enters 'marivilla@gmail.com' into Email, Maria select May on Month, Maria select 12 on Day, Maria select 1999 on Year, Maria clicks on Botton next]]
[Test worker] WARN net.thucydides.core.steps.BaseStepListener - stepStarted: net.thucydides.core.steps.ExecutedStepDescription@70f13f26
[Test worker] WARN net.thucydides.core.steps.BaseStepListener - stepStarted: net.thucydides.core.steps.ExecutedStepDescription@61a17720
[Test worker] WARN net.thucydides.core.steps.BaseStepListener - stepFinished: current outcome:Utest registration:Given than Sonia want register on the utest plataform [Maria open up page [Maria opens the Utest open up page], Maria join button [Maria clicks on the Button Joion]], When she enters her data in the registration form
| firstname | lastname | email | month | day | year | city | zip | country | yourComputer | version | language | device | model | operatingSystem | password | ConfirmPassword |
| Maria | Villamil | marivilla@gmail.com | May | 12 | 1999 | Cucuta | 025120 | Colombia | Linux | vista 64-bit | Spanish | Apple | iPhone 3G | iOS 3.0 | 9517538246Pat | 9517538246Pat | [Maria data basic [Maria enters 'Maria' into First name, Maria enters 'Villamil' into Last name, Maria enters 'marivilla@gmail.com' into Email, Maria select May on Month, Maria select 12 on Day, Maria select 1999 on Year, Maria clicks on Botton next], Maria data location [Maria enters 'Cucuta' into The city]]
[Test worker] WARN net.thucydides.core.steps.BaseStepListener - stepStarted: net.thucydides.core.steps.ExecutedStepDescription@6b14ecb0
[Test worker] WARN net.thucydides.core.steps.BaseStepListener - stepFinished: current outcome:Utest registration:Given than Sonia want register on the utest plataform [Maria open up page [Maria opens the Utest open up page], Maria join button [Maria clicks on the Button Joion]], When she enters her data in the registration form
| firstname | lastname | email | month | day | year | city | zip | country | yourComputer | version | language | device | model | operatingSystem | password | ConfirmPassword |
| Maria | Villamil | marivilla@gmail.com | May | 12 | 1999 | Cucuta | 025120 | Colombia | Linux | vista 64-bit | Spanish | Apple | iPhone 3G | iOS 3.0 | 9517538246Pat | 9517538246Pat | [Maria data basic [Maria enters 'Maria' into First name, Maria enters 'Villamil' into Last name, Maria enters 'marivilla@gmail.com' into Email, Maria select May on Month, Maria select 12 on Day, Maria select 1999 on Year, Maria clicks on Botton next], Maria data location [Maria enters 'Cucuta' into The city, Maria types 'ARROW_DOWN' in The city]]
[Test worker] WARN net.thucydides.core.steps.BaseStepListener - stepStarted: net.thucydides.core.steps.ExecutedStepDescription@2acb7d8c
[Test worker] WARN net.thucydides.core.steps.BaseStepListener - stepFinished: current outcome:Utest registration:Given than Sonia want register on the utest plataform [Maria open up page [Maria opens the Utest open up page], Maria join button [Maria clicks on the Button Joion]], When she enters her data in the registration form
| firstname | lastname | email | month | day | year | city | zip | country | yourComputer | version | language | device | model | operatingSystem | password | ConfirmPassword |
| Maria | Villamil | marivilla@gmail.com | May | 12 | 1999 | Cucuta | 025120 | Colombia | Linux | vista 64-bit | Spanish | Apple | iPhone 3G | iOS 3.0 | 9517538246Pat | 9517538246Pat | [Maria data basic [Maria enters 'Maria' into First name, Maria enters 'Villamil' into Last name, Maria enters 'marivilla@gmail.com' into Email, Maria select May on Month, Maria select 12 on Day, Maria select 1999 on Year, Maria clicks on Botton next], Maria data location [Maria enters 'Cucuta' into The city, Maria types 'ARROW_DOWN' in The city, Maria types 'ENTER' in The city]]
[Test worker] WARN net.thucydides.core.steps.BaseStepListener - stepStarted: net.thucydides.core.steps.ExecutedStepDescription@1d8d31f7
[Test worker] WARN net.thucydides.core.steps.BaseStepListener - stepFinished: current outcome:Utest registration:Given than Sonia want register on the utest plataform [Maria open up page [Maria opens the Utest open up page], Maria join button [Maria clicks on the Button Joion]], When she enters her data in the registration form
| firstname | lastname | email | month | day | year | city | zip | country | yourComputer | version | language | device | model | operatingSystem | password | ConfirmPassword |
| Maria | Villamil | marivilla@gmail.com | May | 12 | 1999 | Cucuta | 025120 | Colombia | Linux | vista 64-bit | Spanish | Apple | iPhone 3G | iOS 3.0 | 9517538246Pat | 9517538246Pat | [Maria data basic [Maria enters 'Maria' into First name, Maria enters 'Villamil' into Last name, Maria enters 'marivilla@gmail.com' into Email, Maria select May on Month, Maria select 12 on Day, Maria select 1999 on Year, Maria clicks on Botton next], Maria data location [Maria enters 'Cucuta' into The city, Maria types 'ARROW_DOWN' in The city, Maria types 'ENTER' in The city, Maria clicks on The Zip]]
[Test worker] WARN net.thucydides.core.steps.BaseStepListener - stepStarted: net.thucydides.core.steps.ExecutedStepDescription@7466ba5d
[Test worker] WARN net.thucydides.core.steps.BaseStepListener - stepFinished: current outcome:Utest registration:Given than Sonia want register on the utest plataform [Maria open up page [Maria opens the Utest open up page], Maria join button [Maria clicks on the Button Joion]], When she enters her data in the registration form
| firstname | lastname | email | month | day | year | city | zip | country | yourComputer | version | language | device | model | operatingSystem | password | ConfirmPassword |
| Maria | Villamil | marivilla@gmail.com | May | 12 | 1999 | Cucuta | 025120 | Colombia | Linux | vista 64-bit | Spanish | Apple | iPhone 3G | iOS 3.0 | 9517538246Pat | 9517538246Pat | [Maria data basic [Maria enters 'Maria' into First name, Maria enters 'Villamil' into Last name, Maria enters 'marivilla@gmail.com' into Email, Maria select May on Month, Maria select 12 on Day, Maria select 1999 on Year, Maria clicks on Botton next], Maria data location [Maria enters 'Cucuta' into The city, Maria types 'ARROW_DOWN' in The city, Maria types 'ENTER' in The city, Maria clicks on The Zip, Maria enters '025120' into The Zip]]
[Test worker] WARN net.thucydides.core.steps.BaseStepListener - stepStarted: net.thucydides.core.steps.ExecutedStepDescription@6b9f5abf
[Test worker] WARN net.thucydides.core.steps.BaseStepListener - stepFinished: current outcome:Utest registration:Given than Sonia want register on the utest plataform [Maria open up page [Maria opens the Utest open up page], Maria join button [Maria clicks on the Button Joion]], When she enters her data in the registration form
| firstname | lastname | email | month | day | year | city | zip | country | yourComputer | version | language | device | model | operatingSystem | password | ConfirmPassword |
| Maria | Villamil | marivilla@gmail.com | May | 12 | 1999 | Cucuta | 025120 | Colombia | Linux | vista 64-bit | Spanish | Apple | iPhone 3G | iOS 3.0 | 9517538246Pat | 9517538246Pat | [Maria data basic [Maria enters 'Maria' into First name, Maria enters 'Villamil' into Last name, Maria enters 'marivilla@gmail.com' into Email, Maria select May on Month, Maria select 12 on Day, Maria select 1999 on Year, Maria clicks on Botton next], Maria data location [Maria enters 'Cucuta' into The city, Maria types 'ARROW_DOWN' in The city, Maria types 'ENTER' in The city, Maria clicks on The Zip, Maria enters '025120' into The Zip, Maria clicks on The country]]
[Test worker] WARN net.thucydides.core.steps.BaseStepListener - stepStarted: net.thucydides.core.steps.ExecutedStepDescription@1c4d0e71
[Test worker] WARN net.thucydides.core.steps.BaseStepListener - stepFinished: current outcome:Utest registration:Given than Sonia want register on the utest plataform [Maria open up page [Maria opens the Utest open up page], Maria join button [Maria clicks on the Button Joion]], When she enters her data in the registration form
| firstname | lastname | email | month | day | year | city | zip | country | yourComputer | version | language | device | model | operatingSystem | password | ConfirmPassword |
| Maria | Villamil | marivilla@gmail.com | May | 12 | 1999 | Cucuta | 025120 | Colombia | Linux | vista 64-bit | Spanish | Apple | iPhone 3G | iOS 3.0 | 9517538246Pat | 9517538246Pat | [Maria data basic [Maria enters 'Maria' into First name, Maria enters 'Villamil' into Last name, Maria enters 'marivilla@gmail.com' into Email, Maria select May on Month, Maria select 12 on Day, Maria select 1999 on Year, Maria clicks on Botton next], Maria data location [Maria enters 'Cucuta' into The city, Maria types 'ARROW_DOWN' in The city, Maria types 'ENTER' in The city, Maria clicks on The Zip, Maria enters '025120' into The Zip, Maria clicks on The country, Maria enters 'Colombia' into The country]]
[Test worker] WARN net.thucydides.core.steps.BaseStepListener - stepStarted: net.thucydides.core.steps.ExecutedStepDescription@19464bfc
[Test worker] WARN net.thucydides.core.steps.BaseStepListener - stepFinished: current outcome:Utest registration:Given than Sonia want register on the utest plataform [Maria open up page [Maria opens the Utest open up page], Maria join button [Maria clicks on the Button Joion]], When she enters her data in the registration form
| firstname | lastname | email | month | day | year | city | zip | country | yourComputer | version | language | device | model | operatingSystem | password | ConfirmPassword |
| Maria | Villamil | marivilla@gmail.com | May | 12 | 1999 | Cucuta | 025120 | Colombia | Linux | vista 64-bit | Spanish | Apple | iPhone 3G | iOS 3.0 | 9517538246Pat | 9517538246Pat | [Maria data basic [Maria enters 'Maria' into First name, Maria enters 'Villamil' into Last name, Maria enters 'marivilla@gmail.com' into Email, Maria select May on Month, Maria select 12 on Day, Maria select 1999 on Year, Maria clicks on Botton next], Maria data location [Maria enters 'Cucuta' into The city, Maria types 'ARROW_DOWN' in The city, Maria types 'ENTER' in The city, Maria clicks on The Zip, Maria enters '025120' into The Zip, Maria clicks on The country, Maria enters 'Colombia' into The country, Maria types 'ARROW_DOWN' in The country]]
[Test worker] WARN net.thucydides.core.steps.BaseStepListener - stepStarted: net.thucydides.core.steps.ExecutedStepDescription@2a31492
[Test worker] WARN net.thucydides.core.steps.BaseStepListener - stepFinished: current outcome:Utest registration:Given than Sonia want register on the utest plataform [Maria open up page [Maria opens the Utest open up page], Maria join button [Maria clicks on the Button Joion]], When she enters her data in the registration form
| firstname | lastname | email | month | day | year | city | zip | country | yourComputer | version | language | device | model | operatingSystem | password | ConfirmPassword |
| Maria | Villamil | marivilla@gmail.com | May | 12 | 1999 | Cucuta | 025120 | Colombia | Linux | vista 64-bit | Spanish | Apple | iPhone 3G | iOS 3.0 | 9517538246Pat | 9517538246Pat | [Maria data basic [Maria enters 'Maria' into First name, Maria enters 'Villamil' into Last name, Maria enters 'marivilla@gmail.com' into Email, Maria select May on Month, Maria select 12 on Day, Maria select 1999 on Year, Maria clicks on Botton next], Maria data location [Maria enters 'Cucuta' into The city, Maria types 'ARROW_DOWN' in The city, Maria types 'ENTER' in The city, Maria clicks on The Zip, Maria enters '025120' into The Zip, Maria clicks on The country, Maria enters 'Colombia' into The country, Maria types 'ARROW_DOWN' in The country, Maria types 'ENTER' in The country]]
[Test worker] WARN net.thucydides.core.steps.BaseStepListener - stepStarted: net.thucydides.core.steps.ExecutedStepDescription@698db9c8
[Test worker] WARN net.thucydides.core.steps.BaseStepListener - stepFinished: current outcome:Utest registration:Given than Sonia want register on the utest plataform [Maria open up page [Maria opens the Utest open up page], Maria join button [Maria clicks on the Button Joion]], When she enters her data in the registration form
| firstname | lastname | email | month | day | year | city | zip | country | yourComputer | version | language | device | model | operatingSystem | password | ConfirmPassword |
| Maria | Villamil | marivilla@gmail.com | May | 12 | 1999 | Cucuta | 025120 | Colombia | Linux | vista 64-bit | Spanish | Apple | iPhone 3G | iOS 3.0 | 9517538246Pat | 9517538246Pat | [Maria data basic [Maria enters 'Maria' into First name, Maria enters 'Villamil' into Last name, Maria enters 'marivilla@gmail.com' into Email, Maria select May on Month, Maria select 12 on Day, Maria select 1999 on Year, Maria clicks on Botton next], Maria data location [Maria enters 'Cucuta' into The city, Maria types 'ARROW_DOWN' in The city, Maria types 'ENTER' in The city, Maria clicks on The Zip, Maria enters '025120' into The Zip, Maria clicks on The country, Maria enters 'Colombia' into The country, Maria types 'ARROW_DOWN' in The country, Maria types 'ENTER' in The country, Maria clicks on Click in the botton Next:Location]]
[Test worker] WARN net.thucydides.core.steps.BaseStepListener - stepFinished: current outcome:Utest registration:Given than Sonia want register on the utest plataform [Maria open up page [Maria opens the Utest open up page], Maria join button [Maria clicks on the Button Joion]], When she enters her data in the registration form
| firstname | lastname | email | month | day | year | city | zip | country | yourComputer | version | language | device | model | operatingSystem | password | ConfirmPassword |
| Maria | Villamil | marivilla@gmail.com | May | 12 | 1999 | Cucuta | 025120 | Colombia | Linux | vista 64-bit | Spanish | Apple | iPhone 3G | iOS 3.0 | 9517538246Pat | 9517538246Pat | [Maria data basic [Maria enters 'Maria' into First name, Maria enters 'Villamil' into Last name, Maria enters 'marivilla@gmail.com' into Email, Maria select May on Month, Maria select 12 on Day, Maria select 1999 on Year, Maria clicks on Botton next], Maria data location [Maria enters 'Cucuta' into The city, Maria types 'ARROW_DOWN' in The city, Maria types 'ENTER' in The city, Maria clicks on The Zip, Maria enters '025120' into The Zip, Maria clicks on The country, Maria enters 'Colombia' into The country, Maria types 'ARROW_DOWN' in The country, Maria types 'ENTER' in The country, Maria clicks on Click in the botton Next:Location]]
[Test worker] WARN net.thucydides.core.steps.BaseStepListener - stepStarted: net.thucydides.core.steps.ExecutedStepDescription@4f3cfdf7
[Test worker] WARN net.thucydides.core.steps.BaseStepListener - stepStarted: net.thucydides.core.steps.ExecutedStepDescription@788fa6cd
[Test worker] WARN net.thucydides.core.steps.BaseStepListener - stepFinished: current outcome:Utest registration:Given than Sonia want register on the utest plataform [Maria open up page [Maria opens the Utest open up page], Maria join button [Maria clicks on the Button Joion]], When she enters her data in the registration form
| firstname | lastname | email | month | day | year | city | zip | country | yourComputer | version | language | device | model | operatingSystem | password | ConfirmPassword |
| Maria | Villamil | marivilla@gmail.com | May | 12 | 1999 | Cucuta | 025120 | Colombia | Linux | vista 64-bit | Spanish | Apple | iPhone 3G | iOS 3.0 | 9517538246Pat | 9517538246Pat | [Maria data basic [Maria enters 'Maria' into First name, Maria enters 'Villamil' into Last name, Maria enters 'marivilla@gmail.com' into Email, Maria select May on Month, Maria select 12 on Day, Maria select 1999 on Year, Maria clicks on Botton next], Maria data location [Maria enters 'Cucuta' into The city, Maria types 'ARROW_DOWN' in The city, Maria types 'ENTER' in The city, Maria clicks on The Zip, Maria enters '025120' into The Zip, Maria clicks on The country, Maria enters 'Colombia' into The country, Maria types 'ARROW_DOWN' in The country, Maria types 'ENTER' in The country, Maria clicks on Click in the botton Next:Location], Maria data devices [Maria clicks on click computer]]
[Test worker] WARN net.thucydides.core.steps.BaseStepListener - stepStarted: net.thucydides.core.steps.ExecutedStepDescription@734ee6cc
[Test worker] WARN net.thucydides.core.steps.BaseStepListener - stepFinished: current outcome:Utest registration:Given than Sonia want register on the utest plataform [Maria open up page [Maria opens the Utest open up page], Maria join button [Maria clicks on the Button Joion]], When she enters her data in the registration form
| firstname | lastname | email | month | day | year | city | zip | country | yourComputer | version | language | device | model | operatingSystem | password | ConfirmPassword |
| Maria | Villamil | marivilla@gmail.com | May | 12 | 1999 | Cucuta | 025120 | Colombia | Linux | vista 64-bit | Spanish | Apple | iPhone 3G | iOS 3.0 | 9517538246Pat | 9517538246Pat | [Maria data basic [Maria enters 'Maria' into First name, Maria enters 'Villamil' into Last name, Maria enters 'marivilla@gmail.com' into Email, Maria select May on Month, Maria select 12 on Day, Maria select 1999 on Year, Maria clicks on Botton next], Maria data location [Maria enters 'Cucuta' into The city, Maria types 'ARROW_DOWN' in The city, Maria types 'ENTER' in The city, Maria clicks on The Zip, Maria enters '025120' into The Zip, Maria clicks on The country, Maria enters 'Colombia' into The country, Maria types 'ARROW_DOWN' in The country, Maria types 'ENTER' in The country, Maria clicks on Click in the botton Next:Location], Maria data devices [Maria clicks on click computer, Maria enters 'Linux' into write computer]]
[Test worker] WARN net.thucydides.core.steps.BaseStepListener - stepStarted: net.thucydides.core.steps.ExecutedStepDescription@23ae907b
[Test worker] WARN net.thucydides.core.steps.BaseStepListener - stepFinished: current outcome:Utest registration:Given than Sonia want register on the utest plataform [Maria open up page [Maria opens the Utest open up page], Maria join button [Maria clicks on the Button Joion]], When she enters her data in the registration form
| firstname | lastname | email | month | day | year | city | zip | country | yourComputer | version | language | device | model | operatingSystem | password | ConfirmPassword |
| Maria | Villamil | marivilla@gmail.com | May | 12 | 1999 | Cucuta | 025120 | Colombia | Linux | vista 64-bit | Spanish | Apple | iPhone 3G | iOS 3.0 | 9517538246Pat | 9517538246Pat | [Maria data basic [Maria enters 'Maria' into First name, Maria enters 'Villamil' into Last name, Maria enters 'marivilla@gmail.com' into Email, Maria select May on Month, Maria select 12 on Day, Maria select 1999 on Year, Maria clicks on Botton next], Maria data location [Maria enters 'Cucuta' into The city, Maria types 'ARROW_DOWN' in The city, Maria types 'ENTER' in The city, Maria clicks on The Zip, Maria enters '025120' into The Zip, Maria clicks on The country, Maria enters 'Colombia' into The country, Maria types 'ARROW_DOWN' in The country, Maria types 'ENTER' in The country, Maria clicks on Click in the botton Next:Location], Maria data devices [Maria clicks on click computer, Maria enters 'Linux' into write computer, Maria types 'ARROW_DOWN' in write computer]]
[Test worker] WARN net.thucydides.core.steps.BaseStepListener - stepStarted: net.thucydides.core.steps.ExecutedStepDescription@2eb8e6c9
[Test worker] WARN net.thucydides.core.steps.BaseStepListener - stepFinished: current outcome:Utest registration:Given than Sonia want register on the utest plataform [Maria open up page [Maria opens the Utest open up page], Maria join button [Maria clicks on the Button Joion]], When she enters her data in the registration form
| firstname | lastname | email | month | day | year | city | zip | country | yourComputer | version | language | device | model | operatingSystem | password | ConfirmPassword |
| Maria | Villamil | marivilla@gmail.com | May | 12 | 1999 | Cucuta | 025120 | Colombia | Linux | vista 64-bit | Spanish | Apple | iPhone 3G | iOS 3.0 | 9517538246Pat | 9517538246Pat | [Maria data basic [Maria enters 'Maria' into First name, Maria enters 'Villamil' into Last name, Maria enters 'marivilla@gmail.com' into Email, Maria select May on Month, Maria select 12 on Day, Maria select 1999 on Year, Maria clicks on Botton next], Maria data location [Maria enters 'Cucuta' into The city, Maria types 'ARROW_DOWN' in The city, Maria types 'ENTER' in The city, Maria clicks on The Zip, Maria enters '025120' into The Zip, Maria clicks on The country, Maria enters 'Colombia' into The country, Maria types 'ARROW_DOWN' in The country, Maria types 'ENTER' in The country, Maria clicks on Click in the botton Next:Location], Maria data devices [Maria clicks on click computer, Maria enters 'Linux' into write computer, Maria types 'ARROW_DOWN' in write computer, Maria types 'ENTER' in write computer]]
[Test worker] WARN net.thucydides.core.steps.BaseStepListener - stepStarted: net.thucydides.core.steps.ExecutedStepDescription@7ab44304
[Test worker] WARN net.thucydides.core.steps.BaseStepListener - stepFinished: current outcome:Utest registration:Given than Sonia want register on the utest plataform [Maria open up page [Maria opens the Utest open up page], Maria join button [Maria clicks on the Button Joion]], When she enters her data in the registration form
| firstname | lastname | email | month | day | year | city | zip | country | yourComputer | version | language | device | model | operatingSystem | password | ConfirmPassword |
| Maria | Villamil | marivilla@gmail.com | May | 12 | 1999 | Cucuta | 025120 | Colombia | Linux | vista 64-bit | Spanish | Apple | iPhone 3G | iOS 3.0 | 9517538246Pat | 9517538246Pat | [Maria data basic [Maria enters 'Maria' into First name, Maria enters 'Villamil' into Last name, Maria enters 'marivilla@gmail.com' into Email, Maria select May on Month, Maria select 12 on Day, Maria select 1999 on Year, Maria clicks on Botton next], Maria data location [Maria enters 'Cucuta' into The city, Maria types 'ARROW_DOWN' in The city, Maria types 'ENTER' in The city, Maria clicks on The Zip, Maria enters '025120' into The Zip, Maria clicks on The country, Maria enters 'Colombia' into The country, Maria types 'ARROW_DOWN' in The country, Maria types 'ENTER' in The country, Maria clicks on Click in the botton Next:Location], Maria data devices [Maria clicks on click computer, Maria enters 'Linux' into write computer, Maria types 'ARROW_DOWN' in write computer, Maria types 'ENTER' in write computer, Maria clicks on click version]]
[Test worker] WARN net.thucydides.core.steps.BaseStepListener - stepStarted: net.thucydides.core.steps.ExecutedStepDescription@464061dd
[Test worker] WARN net.thucydides.core.steps.BaseStepListener - stepFinished: current outcome:Utest registration:Given than Sonia want register on the utest plataform [Maria open up page [Maria opens the Utest open up page], Maria join button [Maria clicks on the Button Joion]], When she enters her data in the registration form
| firstname | lastname | email | month | day | year | city | zip | country | yourComputer | version | language | device | model | operatingSystem | password | ConfirmPassword |
| Maria | Villamil | marivilla@gmail.com | May | 12 | 1999 | Cucuta | 025120 | Colombia | Linux | vista 64-bit | Spanish | Apple | iPhone 3G | iOS 3.0 | 9517538246Pat | 9517538246Pat | [Maria data basic [Maria enters 'Maria' into First name, Maria enters 'Villamil' into Last name, Maria enters 'marivilla@gmail.com' into Email, Maria select May on Month, Maria select 12 on Day, Maria select 1999 on Year, Maria clicks on Botton next], Maria data location [Maria enters 'Cucuta' into The city, Maria types 'ARROW_DOWN' in The city, Maria types 'ENTER' in The city, Maria clicks on The Zip, Maria enters '025120' into The Zip, Maria clicks on The country, Maria enters 'Colombia' into The country, Maria types 'ARROW_DOWN' in The country, Maria types 'ENTER' in The country, Maria clicks on Click in the botton Next:Location], Maria data devices [Maria clicks on click computer, Maria enters 'Linux' into write computer, Maria types 'ARROW_DOWN' in write computer, Maria types 'ENTER' in write computer, Maria clicks on click version, Maria enters 'vista 64-bit' into write version]]
[Test worker] WARN net.thucydides.core.steps.BaseStepListener - stepStarted: net.thucydides.core.steps.ExecutedStepDescription@778556ea
[Test worker] WARN net.thucydides.core.steps.BaseStepListener - stepFinished: current outcome:Utest registration:Given than Sonia want register on the utest plataform [Maria open up page [Maria opens the Utest open up page], Maria join button [Maria clicks on the Button Joion]], When she enters her data in the registration form
| firstname | lastname | email | month | day | year | city | zip | country | yourComputer | version | language | device | model | operatingSystem | password | ConfirmPassword |
| Maria | Villamil | marivilla@gmail.com | May | 12 | 1999 | Cucuta | 025120 | Colombia | Linux | vista 64-bit | Spanish | Apple | iPhone 3G | iOS 3.0 | 9517538246Pat | 9517538246Pat | [Maria data basic [Maria enters 'Maria' into First name, Maria enters 'Villamil' into Last name, Maria enters 'marivilla@gmail.com' into Email, Maria select May on Month, Maria select 12 on Day, Maria select 1999 on Year, Maria clicks on Botton next], Maria data location [Maria enters 'Cucuta' into The city, Maria types 'ARROW_DOWN' in The city, Maria types 'ENTER' in The city, Maria clicks on The Zip, Maria enters '025120' into The Zip, Maria clicks on The country, Maria enters 'Colombia' into The country, Maria types 'ARROW_DOWN' in The country, Maria types 'ENTER' in The country, Maria clicks on Click in the botton Next:Location], Maria data devices [Maria clicks on click computer, Maria enters 'Linux' into write computer, Maria types 'ARROW_DOWN' in write computer, Maria types 'ENTER' in write computer, Maria clicks on click version, Maria enters 'vista 64-bit' into write version, Maria types 'ARROW_DOWN' in write version]]
[Test worker] WARN net.thucydides.core.steps.BaseStepListener - stepStarted: net.thucydides.core.steps.ExecutedStepDescription@5e87f9ce
[Test worker] WARN net.thucydides.core.steps.BaseStepListener - stepFinished: current outcome:Utest registration:Given than Sonia want register on the utest plataform [Maria open up page [Maria opens the Utest open up page], Maria join button [Maria clicks on the Button Joion]], When she enters her data in the registration form
| firstname | lastname | email | month | day | year | city | zip | country | yourComputer | version | language | device | model | operatingSystem | password | ConfirmPassword |
| Maria | Villamil | marivilla@gmail.com | May | 12 | 1999 | Cucuta | 025120 | Colombia | Linux | vista 64-bit | Spanish | Apple | iPhone 3G | iOS 3.0 | 9517538246Pat | 9517538246Pat | [Maria data basic [Maria enters 'Maria' into First name, Maria enters 'Villamil' into Last name, Maria enters 'marivilla@gmail.com' into Email, Maria select May on Month, Maria select 12 on Day, Maria select 1999 on Year, Maria clicks on Botton next], Maria data location [Maria enters 'Cucuta' into The city, Maria types 'ARROW_DOWN' in The city, Maria types 'ENTER' in The city, Maria clicks on The Zip, Maria enters '025120' into The Zip, Maria clicks on The country, Maria enters 'Colombia' into The country, Maria types 'ARROW_DOWN' in The country, Maria types 'ENTER' in The country, Maria clicks on Click in the botton Next:Location], Maria data devices [Maria clicks on click computer, Maria enters 'Linux' into write computer, Maria types 'ARROW_DOWN' in write computer, Maria types 'ENTER' in write computer, Maria clicks on click version, Maria enters 'vista 64-bit' into write version, Maria types 'ARROW_DOWN' in write version, Maria types 'ENTER' in write version]]
[Test worker] WARN net.thucydides.core.steps.BaseStepListener - stepStarted: net.thucydides.core.steps.ExecutedStepDescription@f578115
[Test worker] WARN net.thucydides.core.steps.BaseStepListener - stepFinished: current outcome:Utest registration:Given than Sonia want register on the utest plataform [Maria open up page [Maria opens the Utest open up page], Maria join button [Maria clicks on the Button Joion]], When she enters her data in the registration form
| firstname | lastname | email | month | day | year | city | zip | country | yourComputer | version | language | device | model | operatingSystem | password | ConfirmPassword |
| Maria | Villamil | marivilla@gmail.com | May | 12 | 1999 | Cucuta | 025120 | Colombia | Linux | vista 64-bit | Spanish | Apple | iPhone 3G | iOS 3.0 | 9517538246Pat | 9517538246Pat | [Maria data basic [Maria enters 'Maria' into First name, Maria enters 'Villamil' into Last name, Maria enters 'marivilla@gmail.com' into Email, Maria select May on Month, Maria select 12 on Day, Maria select 1999 on Year, Maria clicks on Botton next], Maria data location [Maria enters 'Cucuta' into The city, Maria types 'ARROW_DOWN' in The city, Maria types 'ENTER' in The city, Maria clicks on The Zip, Maria enters '025120' into The Zip, Maria clicks on The country, Maria enters 'Colombia' into The country, Maria types 'ARROW_DOWN' in The country, Maria types 'ENTER' in The country, Maria clicks on Click in the botton Next:Location], Maria data devices [Maria clicks on click computer, Maria enters 'Linux' into write computer, Maria types 'ARROW_DOWN' in write computer, Maria types 'ENTER' in write computer, Maria clicks on click version, Maria enters 'vista 64-bit' into write version, Maria types 'ARROW_DOWN' in write version, Maria types 'ENTER' in write version, Maria clicks on click languaje]]
[Test worker] WARN net.thucydides.core.steps.BaseStepListener - stepStarted: net.thucydides.core.steps.ExecutedStepDescription@554d1550
[Test worker] WARN net.thucydides.core.steps.BaseStepListener - stepFinished: current outcome:Utest registration:Given than Sonia want register on the utest plataform [Maria open up page [Maria opens the Utest open up page], Maria join button [Maria clicks on the Button Joion]], When she enters her data in the registration form
| firstname | lastname | email | month | day | year | city | zip | country | yourComputer | version | language | device | model | operatingSystem | password | ConfirmPassword |
| Maria | Villamil | marivilla@gmail.com | May | 12 | 1999 | Cucuta | 025120 | Colombia | Linux | vista 64-bit | Spanish | Apple | iPhone 3G | iOS 3.0 | 9517538246Pat | 9517538246Pat | [Maria data basic [Maria enters 'Maria' into First name, Maria enters 'Villamil' into Last name, Maria enters 'marivilla@gmail.com' into Email, Maria select May on Month, Maria select 12 on Day, Maria select 1999 on Year, Maria clicks on Botton next], Maria data location [Maria enters 'Cucuta' into The city, Maria types 'ARROW_DOWN' in The city, Maria types 'ENTER' in The city, Maria clicks on The Zip, Maria enters '025120' into The Zip, Maria clicks on The country, Maria enters 'Colombia' into The country, Maria types 'ARROW_DOWN' in The country, Maria types 'ENTER' in The country, Maria clicks on Click in the botton Next:Location], Maria data devices [Maria clicks on click computer, Maria enters 'Linux' into write computer, Maria types 'ARROW_DOWN' in write computer, Maria types 'ENTER' in write computer, Maria clicks on click version, Maria enters 'vista 64-bit' into write version, Maria types 'ARROW_DOWN' in write version, Maria types 'ENTER' in write version, Maria clicks on click languaje, Maria enters 'Spanish' into write languaje]]
[Test worker] WARN net.thucydides.core.steps.BaseStepListener - stepStarted: net.thucydides.core.steps.ExecutedStepDescription@390a3538
[Test worker] WARN net.thucydides.core.steps.BaseStepListener - stepFinished: current outcome:Utest registration:Given than Sonia want register on the utest plataform [Maria open up page [Maria opens the Utest open up page], Maria join button [Maria clicks on the Button Joion]], When she enters her data in the registration form
| firstname | lastname | email | month | day | year | city | zip | country | yourComputer | version | language | device | model | operatingSystem | password | ConfirmPassword |
| Maria | Villamil | marivilla@gmail.com | May | 12 | 1999 | Cucuta | 025120 | Colombia | Linux | vista 64-bit | Spanish | Apple | iPhone 3G | iOS 3.0 | 9517538246Pat | 9517538246Pat | [Maria data basic [Maria enters 'Maria' into First name, Maria enters 'Villamil' into Last name, Maria enters 'marivilla@gmail.com' into Email, Maria select May on Month, Maria select 12 on Day, Maria select 1999 on Year, Maria clicks on Botton next], Maria data location [Maria enters 'Cucuta' into The city, Maria types 'ARROW_DOWN' in The city, Maria types 'ENTER' in The city, Maria clicks on The Zip, Maria enters '025120' into The Zip, Maria clicks on The country, Maria enters 'Colombia' into The country, Maria types 'ARROW_DOWN' in The country, Maria types 'ENTER' in The country, Maria clicks on Click in the botton Next:Location], Maria data devices [Maria clicks on click computer, Maria enters 'Linux' into write computer, Maria types 'ARROW_DOWN' in write computer, Maria types 'ENTER' in write computer, Maria clicks on click version, Maria enters 'vista 64-bit' into write version, Maria types 'ARROW_DOWN' in write version, Maria types 'ENTER' in write version, Maria clicks on click languaje, Maria enters 'Spanish' into write languaje, Maria types 'ARROW_DOWN' in write languaje]]
[Test worker] WARN net.thucydides.core.steps.BaseStepListener - stepStarted: net.thucydides.core.steps.ExecutedStepDescription@487d0d9e
[Test worker] WARN net.thucydides.core.steps.BaseStepListener - stepFinished: current outcome:Utest registration:Given than Sonia want register on the utest plataform [Maria open up page [Maria opens the Utest open up page], Maria join button [Maria clicks on the Button Joion]], When she enters her data in the registration form
| firstname | lastname | email | month | day | year | city | zip | country | yourComputer | version | language | device | model | operatingSystem | password | ConfirmPassword |
| Maria | Villamil | marivilla@gmail.com | May | 12 | 1999 | Cucuta | 025120 | Colombia | Linux | vista 64-bit | Spanish | Apple | iPhone 3G | iOS 3.0 | 9517538246Pat | 9517538246Pat | [Maria data basic [Maria enters 'Maria' into First name, Maria enters 'Villamil' into Last name, Maria enters 'marivilla@gmail.com' into Email, Maria select May on Month, Maria select 12 on Day, Maria select 1999 on Year, Maria clicks on Botton next], Maria data location [Maria enters 'Cucuta' into The city, Maria types 'ARROW_DOWN' in The city, Maria types 'ENTER' in The city, Maria clicks on The Zip, Maria enters '025120' into The Zip, Maria clicks on The country, Maria enters 'Colombia' into The country, Maria types 'ARROW_DOWN' in The country, Maria types 'ENTER' in The country, Maria clicks on Click in the botton Next:Location], Maria data devices [Maria clicks on click computer, Maria enters 'Linux' into write computer, Maria types 'ARROW_DOWN' in write computer, Maria types 'ENTER' in write computer, Maria clicks on click version, Maria enters 'vista 64-bit' into write version, Maria types 'ARROW_DOWN' in write version, Maria types 'ENTER' in write version, Maria clicks on click languaje, Maria enters 'Spanish' into write languaje, Maria types 'ARROW_DOWN' in write languaje, Maria types 'ENTER' in write languaje]]
[Test worker] WARN net.thucydides.core.steps.BaseStepListener - stepStarted: net.thucydides.core.steps.ExecutedStepDescription@47c7f3af
[Test worker] WARN net.thucydides.core.steps.BaseStepListener - stepFinished: current outcome:Utest registration:Given than Sonia want register on the utest plataform [Maria open up page [Maria opens the Utest open up page], Maria join button [Maria clicks on the Button Joion]], When she enters her data in the registration form
| firstname | lastname | email | month | day | year | city | zip | country | yourComputer | version | language | device | model | operatingSystem | password | ConfirmPassword |
| Maria | Villamil | marivilla@gmail.com | May | 12 | 1999 | Cucuta | 025120 | Colombia | Linux | vista 64-bit | Spanish | Apple | iPhone 3G | iOS 3.0 | 9517538246Pat | 9517538246Pat | [Maria data basic [Maria enters 'Maria' into First name, Maria enters 'Villamil' into Last name, Maria enters 'marivilla@gmail.com' into Email, Maria select May on Month, Maria select 12 on Day, Maria select 1999 on Year, Maria clicks on Botton next], Maria data location [Maria enters 'Cucuta' into The city, Maria types 'ARROW_DOWN' in The city, Maria types 'ENTER' in The city, Maria clicks on The Zip, Maria enters '025120' into The Zip, Maria clicks on The country, Maria enters 'Colombia' into The country, Maria types 'ARROW_DOWN' in The country, Maria types 'ENTER' in The country, Maria clicks on Click in the botton Next:Location], Maria data devices [Maria clicks on click computer, Maria enters 'Linux' into write computer, Maria types 'ARROW_DOWN' in write computer, Maria types 'ENTER' in write computer, Maria clicks on click version, Maria enters 'vista 64-bit' into write version, Maria types 'ARROW_DOWN' in write version, Maria types 'ENTER' in write version, Maria clicks on click languaje, Maria enters 'Spanish' into write languaje, Maria types 'ARROW_DOWN' in write languaje, Maria types 'ENTER' in write languaje, Maria clicks on click device]]
[Test worker] WARN net.thucydides.core.steps.BaseStepListener - stepStarted: net.thucydides.core.steps.ExecutedStepDescription@1dcbbe69
[Test worker] WARN net.thucydides.core.steps.BaseStepListener - stepFinished: current outcome:Utest registration:Given than Sonia want register on the utest plataform [Maria open up page [Maria opens the Utest open up page], Maria join button [Maria clicks on the Button Joion]], When she enters her data in the registration form
| firstname | lastname | email | month | day | year | city | zip | country | yourComputer | version | language | device | model | operatingSystem | password | ConfirmPassword |
| Maria | Villamil | marivilla@gmail.com | May | 12 | 1999 | Cucuta | 025120 | Colombia | Linux | vista 64-bit | Spanish | Apple | iPhone 3G | iOS 3.0 | 9517538246Pat | 9517538246Pat | [Maria data basic [Maria enters 'Maria' into First name, Maria enters 'Villamil' into Last name, Maria enters 'marivilla@gmail.com' into Email, Maria select May on Month, Maria select 12 on Day, Maria select 1999 on Year, Maria clicks on Botton next], Maria data location [Maria enters 'Cucuta' into The city, Maria types 'ARROW_DOWN' in The city, Maria types 'ENTER' in The city, Maria clicks on The Zip, Maria enters '025120' into The Zip, Maria clicks on The country, Maria enters 'Colombia' into The country, Maria types 'ARROW_DOWN' in The country, Maria types 'ENTER' in The country, Maria clicks on Click in the botton Next:Location], Maria data devices [Maria clicks on click computer, Maria enters 'Linux' into write computer, Maria types 'ARROW_DOWN' in write computer, Maria types 'ENTER' in write computer, Maria clicks on click version, Maria enters 'vista 64-bit' into write version, Maria types 'ARROW_DOWN' in write version, Maria types 'ENTER' in write version, Maria clicks on click languaje, Maria enters 'Spanish' into write languaje, Maria types 'ARROW_DOWN' in write languaje, Maria types 'ENTER' in write languaje, Maria clicks on click device, Maria enters 'Apple' into write device]]
[Test worker] WARN net.thucydides.core.steps.BaseStepListener - stepStarted: net.thucydides.core.steps.ExecutedStepDescription@4d5756b
[Test worker] WARN net.thucydides.core.steps.BaseStepListener - stepFinished: current outcome:Utest registration:Given than Sonia want register on the utest plataform [Maria open up page [Maria opens the Utest open up page], Maria join button [Maria clicks on the Button Joion]], When she enters her data in the registration form
| firstname | lastname | email | month | day | year | city | zip | country | yourComputer | version | language | device | model | operatingSystem | password | ConfirmPassword |
| Maria | Villamil | marivilla@gmail.com | May | 12 | 1999 | Cucuta | 025120 | Colombia | Linux | vista 64-bit | Spanish | Apple | iPhone 3G | iOS 3.0 | 9517538246Pat | 9517538246Pat | [Maria data basic [Maria enters 'Maria' into First name, Maria enters 'Villamil' into Last name, Maria enters 'marivilla@gmail.com' into Email, Maria select May on Month, Maria select 12 on Day, Maria select 1999 on Year, Maria clicks on Botton next], Maria data location [Maria enters 'Cucuta' into The city, Maria types 'ARROW_DOWN' in The city, Maria types 'ENTER' in The city, Maria clicks on The Zip, Maria enters '025120' into The Zip, Maria clicks on The country, Maria enters 'Colombia' into The country, Maria types 'ARROW_DOWN' in The country, Maria types 'ENTER' in The country, Maria clicks on Click in the botton Next:Location], Maria data devices [Maria clicks on click computer, Maria enters 'Linux' into write computer, Maria types 'ARROW_DOWN' in write computer, Maria types 'ENTER' in write computer, Maria clicks on click version, Maria enters 'vista 64-bit' into write version, Maria types 'ARROW_DOWN' in write version, Maria types 'ENTER' in write version, Maria clicks on click languaje, Maria enters 'Spanish' into write languaje, Maria types 'ARROW_DOWN' in write languaje, Maria types 'ENTER' in write languaje, Maria clicks on click device, Maria enters 'Apple' into write device, Maria types 'ENTER' in write device]]
[Test worker] WARN net.thucydides.core.steps.BaseStepListener - stepStarted: net.thucydides.core.steps.ExecutedStepDescription@140bc6cf
[Test worker] WARN net.thucydides.core.steps.BaseStepListener - stepFinished: current outcome:Utest registration:Given than Sonia want register on the utest plataform [Maria open up page [Maria opens the Utest open up page], Maria join button [Maria clicks on the Button Joion]], When she enters her data in the registration form
| firstname | lastname | email | month | day | year | city | zip | country | yourComputer | version | language | device | model | operatingSystem | password | ConfirmPassword |
| Maria | Villamil | marivilla@gmail.com | May | 12 | 1999 | Cucuta | 025120 | Colombia | Linux | vista 64-bit | Spanish | Apple | iPhone 3G | iOS 3.0 | 9517538246Pat | 9517538246Pat | [Maria data basic [Maria enters 'Maria' into First name, Maria enters 'Villamil' into Last name, Maria enters 'marivilla@gmail.com' into Email, Maria select May on Month, Maria select 12 on Day, Maria select 1999 on Year, Maria clicks on Botton next], Maria data location [Maria enters 'Cucuta' into The city, Maria types 'ARROW_DOWN' in The city, Maria types 'ENTER' in The city, Maria clicks on The Zip, Maria enters '025120' into The Zip, Maria clicks on The country, Maria enters 'Colombia' into The country, Maria types 'ARROW_DOWN' in The country, Maria types 'ENTER' in The country, Maria clicks on Click in the botton Next:Location], Maria data devices [Maria clicks on click computer, Maria enters 'Linux' into write computer, Maria types 'ARROW_DOWN' in write computer, Maria types 'ENTER' in write computer, Maria clicks on click version, Maria enters 'vista 64-bit' into write version, Maria types 'ARROW_DOWN' in write version, Maria types 'ENTER' in write version, Maria clicks on click languaje, Maria enters 'Spanish' into write languaje, Maria types 'ARROW_DOWN' in write languaje, Maria types 'ENTER' in write languaje, Maria clicks on click device, Maria enters 'Apple' into write device, Maria types 'ENTER' in write device, Maria clicks on click model]]
[Test worker] WARN net.thucydides.core.steps.BaseStepListener - stepStarted: net.thucydides.core.steps.ExecutedStepDescription@69e0dddb
[Test worker] WARN net.thucydides.core.steps.BaseStepListener - stepFinished: current outcome:Utest registration:Given than Sonia want register on the utest plataform [Maria open up page [Maria opens the Utest open up page], Maria join button [Maria clicks on the Button Joion]], When she enters her data in the registration form
| firstname | lastname | email | month | day | year | city | zip | country | yourComputer | version | language | device | model | operatingSystem | password | ConfirmPassword |
| Maria | Villamil | marivilla@gmail.com | May | 12 | 1999 | Cucuta | 025120 | Colombia | Linux | vista 64-bit | Spanish | Apple | iPhone 3G | iOS 3.0 | 9517538246Pat | 9517538246Pat | [Maria data basic [Maria enters 'Maria' into First name, Maria enters 'Villamil' into Last name, Maria enters 'marivilla@gmail.com' into Email, Maria select May on Month, Maria select 12 on Day, Maria select 1999 on Year, Maria clicks on Botton next], Maria data location [Maria enters 'Cucuta' into The city, Maria types 'ARROW_DOWN' in The city, Maria types 'ENTER' in The city, Maria clicks on The Zip, Maria enters '025120' into The Zip, Maria clicks on The country, Maria enters 'Colombia' into The country, Maria types 'ARROW_DOWN' in The country, Maria types 'ENTER' in The country, Maria clicks on Click in the botton Next:Location], Maria data devices [Maria clicks on click computer, Maria enters 'Linux' into write computer, Maria types 'ARROW_DOWN' in write computer, Maria types 'ENTER' in write computer, Maria clicks on click version, Maria enters 'vista 64-bit' into write version, Maria types 'ARROW_DOWN' in write version, Maria types 'ENTER' in write version, Maria clicks on click languaje, Maria enters 'Spanish' into write languaje, Maria types 'ARROW_DOWN' in write languaje, Maria types 'ENTER' in write languaje, Maria clicks on click device, Maria enters 'Apple' into write device, Maria types 'ENTER' in write device, Maria clicks on click model, Maria enters 'iPhone 3G' into write model]]
[Test worker] WARN net.thucydides.core.steps.BaseStepListener - stepStarted: net.thucydides.core.steps.ExecutedStepDescription@47a8d277
[Test worker] WARN net.thucydides.core.steps.BaseStepListener - stepFinished: current outcome:Utest registration:Given than Sonia want register on the utest plataform [Maria open up page [Maria opens the Utest open up page], Maria join button [Maria clicks on the Button Joion]], When she enters her data in the registration form
| firstname | lastname | email | month | day | year | city | zip | country | yourComputer | version | language | device | model | operatingSystem | password | ConfirmPassword |
| Maria | Villamil | marivilla@gmail.com | May | 12 | 1999 | Cucuta | 025120 | Colombia | Linux | vista 64-bit | Spanish | Apple | iPhone 3G | iOS 3.0 | 9517538246Pat | 9517538246Pat | [Maria data basic [Maria enters 'Maria' into First name, Maria enters 'Villamil' into Last name, Maria enters 'marivilla@gmail.com' into Email, Maria select May on Month, Maria select 12 on Day, Maria select 1999 on Year, Maria clicks on Botton next], Maria data location [Maria enters 'Cucuta' into The city, Maria types 'ARROW_DOWN' in The city, Maria types 'ENTER' in The city, Maria clicks on The Zip, Maria enters '025120' into The Zip, Maria clicks on The country, Maria enters 'Colombia' into The country, Maria types 'ARROW_DOWN' in The country, Maria types 'ENTER' in The country, Maria clicks on Click in the botton Next:Location], Maria data devices [Maria clicks on click computer, Maria enters 'Linux' into write computer, Maria types 'ARROW_DOWN' in write computer, Maria types 'ENTER' in write computer, Maria clicks on click version, Maria enters 'vista 64-bit' into write version, Maria types 'ARROW_DOWN' in write version, Maria types 'ENTER' in write version, Maria clicks on click languaje, Maria enters 'Spanish' into write languaje, Maria types 'ARROW_DOWN' in write languaje, Maria types 'ENTER' in write languaje, Maria clicks on click device, Maria enters 'Apple' into write device, Maria types 'ENTER' in write device, Maria clicks on click model, Maria enters 'iPhone 3G' into write model, Maria types 'ENTER' in write model]]
[Test worker] WARN net.thucydides.core.steps.BaseStepListener - stepStarted: net.thucydides.core.steps.ExecutedStepDescription@f1bc59d
[Test worker] WARN net.thucydides.core.steps.BaseStepListener - stepFinished: current outcome:Utest registration:Given than Sonia want register on the utest plataform [Maria open up page [Maria opens the Utest open up page], Maria join button [Maria clicks on the Button Joion]], When she enters her data in the registration form
| firstname | lastname | email | month | day | year | city | zip | country | yourComputer | version | language | device | model | operatingSystem | password | ConfirmPassword |
| Maria | Villamil | marivilla@gmail.com | May | 12 | 1999 | Cucuta | 025120 | Colombia | Linux | vista 64-bit | Spanish | Apple | iPhone 3G | iOS 3.0 | 9517538246Pat | 9517538246Pat | [Maria data basic [Maria enters 'Maria' into First name, Maria enters 'Villamil' into Last name, Maria enters 'marivilla@gmail.com' into Email, Maria select May on Month, Maria select 12 on Day, Maria select 1999 on Year, Maria clicks on Botton next], Maria data location [Maria enters 'Cucuta' into The city, Maria types 'ARROW_DOWN' in The city, Maria types 'ENTER' in The city, Maria clicks on The Zip, Maria enters '025120' into The Zip, Maria clicks on The country, Maria enters 'Colombia' into The country, Maria types 'ARROW_DOWN' in The country, Maria types 'ENTER' in The country, Maria clicks on Click in the botton Next:Location], Maria data devices [Maria clicks on click computer, Maria enters 'Linux' into write computer, Maria types 'ARROW_DOWN' in write computer, Maria types 'ENTER' in write computer, Maria clicks on click version, Maria enters 'vista 64-bit' into write version, Maria types 'ARROW_DOWN' in write version, Maria types 'ENTER' in write version, Maria clicks on click languaje, Maria enters 'Spanish' into write languaje, Maria types 'ARROW_DOWN' in write languaje, Maria types 'ENTER' in write languaje, Maria clicks on click device, Maria enters 'Apple' into write device, Maria types 'ENTER' in write device, Maria clicks on click model, Maria enters 'iPhone 3G' into write model, Maria types 'ENTER' in write model, Maria clicks on click model]]
[Test worker] WARN net.thucydides.core.steps.BaseStepListener - stepStarted: net.thucydides.core.steps.ExecutedStepDescription@12abc564
[Test worker] WARN net.thucydides.core.steps.BaseStepListener - stepFinished: current outcome:Utest registration:Given than Sonia want register on the utest plataform [Maria open up page [Maria opens the Utest open up page], Maria join button [Maria clicks on the Button Joion]], When she enters her data in the registration form
| firstname | lastname | email | month | day | year | city | zip | country | yourComputer | version | language | device | model | operatingSystem | password | ConfirmPassword |
| Maria | Villamil | marivilla@gmail.com | May | 12 | 1999 | Cucuta | 025120 | Colombia | Linux | vista 64-bit | Spanish | Apple | iPhone 3G | iOS 3.0 | 9517538246Pat | 9517538246Pat | [Maria data basic [Maria enters 'Maria' into First name, Maria enters 'Villamil' into Last name, Maria enters 'marivilla@gmail.com' into Email, Maria select May on Month, Maria select 12 on Day, Maria select 1999 on Year, Maria clicks on Botton next], Maria data location [Maria enters 'Cucuta' into The city, Maria types 'ARROW_DOWN' in The city, Maria types 'ENTER' in The city, Maria clicks on The Zip, Maria enters '025120' into The Zip, Maria clicks on The country, Maria enters 'Colombia' into The country, Maria types 'ARROW_DOWN' in The country, Maria types 'ENTER' in The country, Maria clicks on Click in the botton Next:Location], Maria data devices [Maria clicks on click computer, Maria enters 'Linux' into write computer, Maria types 'ARROW_DOWN' in write computer, Maria types 'ENTER' in write computer, Maria clicks on click version, Maria enters 'vista 64-bit' into write version, Maria types 'ARROW_DOWN' in write version, Maria types 'ENTER' in write version, Maria clicks on click languaje, Maria enters 'Spanish' into write languaje, Maria types 'ARROW_DOWN' in write languaje, Maria types 'ENTER' in write languaje, Maria clicks on click device, Maria enters 'Apple' into write device, Maria types 'ENTER' in write device, Maria clicks on click model, Maria enters 'iPhone 3G' into write model, Maria types 'ENTER' in write model, Maria clicks on click model, Maria enters 'iOS 3.0' into write model]]
[Test worker] WARN net.thucydides.core.steps.BaseStepListener - stepStarted: net.thucydides.core.steps.ExecutedStepDescription@3bc31af1
[Test worker] WARN net.thucydides.core.steps.BaseStepListener - stepFinished: current outcome:Utest registration:Given than Sonia want register on the utest plataform [Maria open up page [Maria opens the Utest open up page], Maria join button [Maria clicks on the Button Joion]], When she enters her data in the registration form
| firstname | lastname | email | month | day | year | city | zip | country | yourComputer | version | language | device | model | operatingSystem | password | ConfirmPassword |
| Maria | Villamil | marivilla@gmail.com | May | 12 | 1999 | Cucuta | 025120 | Colombia | Linux | vista 64-bit | Spanish | Apple | iPhone 3G | iOS 3.0 | 9517538246Pat | 9517538246Pat | [Maria data basic [Maria enters 'Maria' into First name, Maria enters 'Villamil' into Last name, Maria enters 'marivilla@gmail.com' into Email, Maria select May on Month, Maria select 12 on Day, Maria select 1999 on Year, Maria clicks on Botton next], Maria data location [Maria enters 'Cucuta' into The city, Maria types 'ARROW_DOWN' in The city, Maria types 'ENTER' in The city, Maria clicks on The Zip, Maria enters '025120' into The Zip, Maria clicks on The country, Maria enters 'Colombia' into The country, Maria types 'ARROW_DOWN' in The country, Maria types 'ENTER' in The country, Maria clicks on Click in the botton Next:Location], Maria data devices [Maria clicks on click computer, Maria enters 'Linux' into write computer, Maria types 'ARROW_DOWN' in write computer, Maria types 'ENTER' in write computer, Maria clicks on click version, Maria enters 'vista 64-bit' into write version, Maria types 'ARROW_DOWN' in write version, Maria types 'ENTER' in write version, Maria clicks on click languaje, Maria enters 'Spanish' into write languaje, Maria types 'ARROW_DOWN' in write languaje, Maria types 'ENTER' in write languaje, Maria clicks on click device, Maria enters 'Apple' into write device, Maria types 'ENTER' in write device, Maria clicks on click model, Maria enters 'iPhone 3G' into write model, Maria types 'ENTER' in write model, Maria clicks on click model, Maria enters 'iOS 3.0' into write model, Maria types 'ENTER' in write model]]
[Test worker] WARN net.thucydides.core.steps.BaseStepListener - stepStarted: net.thucydides.core.steps.ExecutedStepDescription@6a1e8839
[Test worker] WARN net.thucydides.core.steps.BaseStepListener - stepFinished: current outcome:Utest registration:Given than Sonia want register on the utest plataform [Maria open up page [Maria opens the Utest open up page], Maria join button [Maria clicks on the Button Joion]], When she enters her data in the registration form
| firstname | lastname | email | month | day | year | city | zip | country | yourComputer | version | language | device | model | operatingSystem | password | ConfirmPassword |
| Maria | Villamil | marivilla@gmail.com | May | 12 | 1999 | Cucuta | 025120 | Colombia | Linux | vista 64-bit | Spanish | Apple | iPhone 3G | iOS 3.0 | 9517538246Pat | 9517538246Pat | [Maria data basic [Maria enters 'Maria' into First name, Maria enters 'Villamil' into Last name, Maria enters 'marivilla@gmail.com' into Email, Maria select May on Month, Maria select 12 on Day, Maria select 1999 on Year, Maria clicks on Botton next], Maria data location [Maria enters 'Cucuta' into The city, Maria types 'ARROW_DOWN' in The city, Maria types 'ENTER' in The city, Maria clicks on The Zip, Maria enters '025120' into The Zip, Maria clicks on The country, Maria enters 'Colombia' into The country, Maria types 'ARROW_DOWN' in The country, Maria types 'ENTER' in The country, Maria clicks on Click in the botton Next:Location], Maria data devices [Maria clicks on click computer, Maria enters 'Linux' into write computer, Maria types 'ARROW_DOWN' in write computer, Maria types 'ENTER' in write computer, Maria clicks on click version, Maria enters 'vista 64-bit' into write version, Maria types 'ARROW_DOWN' in write version, Maria types 'ENTER' in write version, Maria clicks on click languaje, Maria enters 'Spanish' into write languaje, Maria types 'ARROW_DOWN' in write languaje, Maria types 'ENTER' in write languaje, Maria clicks on click device, Maria enters 'Apple' into write device, Maria types 'ENTER' in write device, Maria clicks on click model, Maria enters 'iPhone 3G' into write model, Maria types 'ENTER' in write model, Maria clicks on click model, Maria enters 'iOS 3.0' into write model, Maria types 'ENTER' in write model, Maria clicks on Click in the botton Next:Location]]
[Test worker] WARN net.thucydides.core.steps.BaseStepListener - stepFinished: current outcome:Utest registration:Given than Sonia want register on the utest plataform [Maria open up page [Maria opens the Utest open up page], Maria join button [Maria clicks on the Button Joion]], When she enters her data in the registration form
| firstname | lastname | email | month | day | year | city | zip | country | yourComputer | version | language | device | model | operatingSystem | password | ConfirmPassword |
| Maria | Villamil | marivilla@gmail.com | May | 12 | 1999 | Cucuta | 025120 | Colombia | Linux | vista 64-bit | Spanish | Apple | iPhone 3G | iOS 3.0 | 9517538246Pat | 9517538246Pat | [Maria data basic [Maria enters 'Maria' into First name, Maria enters 'Villamil' into Last name, Maria enters 'marivilla@gmail.com' into Email, Maria select May on Month, Maria select 12 on Day, Maria select 1999 on Year, Maria clicks on Botton next], Maria data location [Maria enters 'Cucuta' into The city, Maria types 'ARROW_DOWN' in The city, Maria types 'ENTER' in The city, Maria clicks on The Zip, Maria enters '025120' into The Zip, Maria clicks on The country, Maria enters 'Colombia' into The country, Maria types 'ARROW_DOWN' in The country, Maria types 'ENTER' in The country, Maria clicks on Click in the botton Next:Location], Maria data devices [Maria clicks on click computer, Maria enters 'Linux' into write computer, Maria types 'ARROW_DOWN' in write computer, Maria types 'ENTER' in write computer, Maria clicks on click version, Maria enters 'vista 64-bit' into write version, Maria types 'ARROW_DOWN' in write version, Maria types 'ENTER' in write version, Maria clicks on click languaje, Maria enters 'Spanish' into write languaje, Maria types 'ARROW_DOWN' in write languaje, Maria types 'ENTER' in write languaje, Maria clicks on click device, Maria enters 'Apple' into write device, Maria types 'ENTER' in write device, Maria clicks on click model, Maria enters 'iPhone 3G' into write model, Maria types 'ENTER' in write model, Maria clicks on click model, Maria enters 'iOS 3.0' into write model, Maria types 'ENTER' in write model, Maria clicks on Click in the botton Next:Location]]
[Test worker] WARN net.thucydides.core.steps.BaseStepListener - stepStarted: net.thucydides.core.steps.ExecutedStepDescription@d8f063d
[Test worker] WARN net.thucydides.core.steps.BaseStepListener - stepStarted: net.thucydides.core.steps.ExecutedStepDescription@17c41763
[Test worker] WARN net.thucydides.core.steps.BaseStepListener - stepFinished: current outcome:Utest registration:Given than Sonia want register on the utest plataform [Maria open up page [Maria opens the Utest open up page], Maria join button [Maria clicks on the Button Joion]], When she enters her data in the registration form
| firstname | lastname | email | month | day | year | city | zip | country | yourComputer | version | language | device | model | operatingSystem | password | ConfirmPassword |
| Maria | Villamil | marivilla@gmail.com | May | 12 | 1999 | Cucuta | 025120 | Colombia | Linux | vista 64-bit | Spanish | Apple | iPhone 3G | iOS 3.0 | 9517538246Pat | 9517538246Pat | [Maria data basic [Maria enters 'Maria' into First name, Maria enters 'Villamil' into Last name, Maria enters 'marivilla@gmail.com' into Email, Maria select May on Month, Maria select 12 on Day, Maria select 1999 on Year, Maria clicks on Botton next], Maria data location [Maria enters 'Cucuta' into The city, Maria types 'ARROW_DOWN' in The city, Maria types 'ENTER' in The city, Maria clicks on The Zip, Maria enters '025120' into The Zip, Maria clicks on The country, Maria enters 'Colombia' into The country, Maria types 'ARROW_DOWN' in The country, Maria types 'ENTER' in The country, Maria clicks on Click in the botton Next:Location], Maria data devices [Maria clicks on click computer, Maria enters 'Linux' into write computer, Maria types 'ARROW_DOWN' in write computer, Maria types 'ENTER' in write computer, Maria clicks on click version, Maria enters 'vista 64-bit' into write version, Maria types 'ARROW_DOWN' in write version, Maria types 'ENTER' in write version, Maria clicks on click languaje, Maria enters 'Spanish' into write languaje, Maria types 'ARROW_DOWN' in write languaje, Maria types 'ENTER' in write languaje, Maria clicks on click device, Maria enters 'Apple' into write device, Maria types 'ENTER' in write device, Maria clicks on click model, Maria enters 'iPhone 3G' into write model, Maria types 'ENTER' in write model, Maria clicks on click model, Maria enters 'iOS 3.0' into write model, Maria types 'ENTER' in write model, Maria clicks on Click in the botton Next:Location], Maria last step [Maria enters '9517538246Pat' into Write password]]
[Test worker] WARN net.thucydides.core.steps.BaseStepListener - stepStarted: net.thucydides.core.steps.ExecutedStepDescription@181fb836
[Test worker] WARN net.thucydides.core.steps.BaseStepListener - stepFinished: current outcome:Utest registration:Given than Sonia want register on the utest plataform [Maria open up page [Maria opens the Utest open up page], Maria join button [Maria clicks on the Button Joion]], When she enters her data in the registration form
| firstname | lastname | email | month | day | year | city | zip | country | yourComputer | version | language | device | model | operatingSystem | password | ConfirmPassword |
| Maria | Villamil | marivilla@gmail.com | May | 12 | 1999 | Cucuta | 025120 | Colombia | Linux | vista 64-bit | Spanish | Apple | iPhone 3G | iOS 3.0 | 9517538246Pat | 9517538246Pat | [Maria data basic [Maria enters 'Maria' into First name, Maria enters 'Villamil' into Last name, Maria enters 'marivilla@gmail.com' into Email, Maria select May on Month, Maria select 12 on Day, Maria select 1999 on Year, Maria clicks on Botton next], Maria data location [Maria enters 'Cucuta' into The city, Maria types 'ARROW_DOWN' in The city, Maria types 'ENTER' in The city, Maria clicks on The Zip, Maria enters '025120' into The Zip, Maria clicks on The country, Maria enters 'Colombia' into The country, Maria types 'ARROW_DOWN' in The country, Maria types 'ENTER' in The country, Maria clicks on Click in the botton Next:Location], Maria data devices [Maria clicks on click computer, Maria enters 'Linux' into write computer, Maria types 'ARROW_DOWN' in write computer, Maria types 'ENTER' in write computer, Maria clicks on click version, Maria enters 'vista 64-bit' into write version, Maria types 'ARROW_DOWN' in write version, Maria types 'ENTER' in write version, Maria clicks on click languaje, Maria enters 'Spanish' into write languaje, Maria types 'ARROW_DOWN' in write languaje, Maria types 'ENTER' in write languaje, Maria clicks on click device, Maria enters 'Apple' into write device, Maria types 'ENTER' in write device, Maria clicks on click model, Maria enters 'iPhone 3G' into write model, Maria types 'ENTER' in write model, Maria clicks on click model, Maria enters 'iOS 3.0' into write model, Maria types 'ENTER' in write model, Maria clicks on Click in the botton Next:Location], Maria last step [Maria enters '9517538246Pat' into Write password, Maria enters '9517538246Pat' into Write confirm password]]
[Test worker] WARN net.thucydides.core.steps.BaseStepListener - stepStarted: net.thucydides.core.steps.ExecutedStepDescription@8282d3d
[Test worker] WARN net.thucydides.core.steps.BaseStepListener - stepFinished: current outcome:Utest registration:Given than Sonia want register on the utest plataform [Maria open up page [Maria opens the Utest open up page], Maria join button [Maria clicks on the Button Joion]], When she enters her data in the registration form
| firstname | lastname | email | month | day | year | city | zip | country | yourComputer | version | language | device | model | operatingSystem | password | ConfirmPassword |
| Maria | Villamil | marivilla@gmail.com | May | 12 | 1999 | Cucuta | 025120 | Colombia | Linux | vista 64-bit | Spanish | Apple | iPhone 3G | iOS 3.0 | 9517538246Pat | 9517538246Pat | [Maria data basic [Maria enters 'Maria' into First name, Maria enters 'Villamil' into Last name, Maria enters 'marivilla@gmail.com' into Email, Maria select May on Month, Maria select 12 on Day, Maria select 1999 on Year, Maria clicks on Botton next], Maria data location [Maria enters 'Cucuta' into The city, Maria types 'ARROW_DOWN' in The city, Maria types 'ENTER' in The city, Maria clicks on The Zip, Maria enters '025120' into The Zip, Maria clicks on The country, Maria enters 'Colombia' into The country, Maria types 'ARROW_DOWN' in The country, Maria types 'ENTER' in The country, Maria clicks on Click in the botton Next:Location], Maria data devices [Maria clicks on click computer, Maria enters 'Linux' into write computer, Maria types 'ARROW_DOWN' in write computer, Maria types 'ENTER' in write computer, Maria clicks on click version, Maria enters 'vista 64-bit' into write version, Maria types 'ARROW_DOWN' in write version, Maria types 'ENTER' in write version, Maria clicks on click languaje, Maria enters 'Spanish' into write languaje, Maria types 'ARROW_DOWN' in write languaje, Maria types 'ENTER' in write languaje, Maria clicks on click device, Maria enters 'Apple' into write device, Maria types 'ENTER' in write device, Maria clicks on click model, Maria enters 'iPhone 3G' into write model, Maria types 'ENTER' in write model, Maria clicks on click model, Maria enters 'iOS 3.0' into write model, Maria types 'ENTER' in write model, Maria clicks on Click in the botton Next:Location], Maria last step [Maria enters '9517538246Pat' into Write password, Maria enters '9517538246Pat' into Write confirm password, Maria clicks on Selection check terms of the use]]
[Test worker] WARN net.thucydides.core.steps.BaseStepListener - stepStarted: net.thucydides.core.steps.ExecutedStepDescription@4d35d404
[Test worker] WARN net.thucydides.core.steps.BaseStepListener - stepFinished: current outcome:Utest registration:Given than Sonia want register on the utest plataform [Maria open up page [Maria opens the Utest open up page], Maria join button [Maria clicks on the Button Joion]], When she enters her data in the registration form
| firstname | lastname | email | month | day | year | city | zip | country | yourComputer | version | language | device | model | operatingSystem | password | ConfirmPassword |
| Maria | Villamil | marivilla@gmail.com | May | 12 | 1999 | Cucuta | 025120 | Colombia | Linux | vista 64-bit | Spanish | Apple | iPhone 3G | iOS 3.0 | 9517538246Pat | 9517538246Pat | [Maria data basic [Maria enters 'Maria' into First name, Maria enters 'Villamil' into Last name, Maria enters 'marivilla@gmail.com' into Email, Maria select May on Month, Maria select 12 on Day, Maria select 1999 on Year, Maria clicks on Botton next], Maria data location [Maria enters 'Cucuta' into The city, Maria types 'ARROW_DOWN' in The city, Maria types 'ENTER' in The city, Maria clicks on The Zip, Maria enters '025120' into The Zip, Maria clicks on The country, Maria enters 'Colombia' into The country, Maria types 'ARROW_DOWN' in The country, Maria types 'ENTER' in The country, Maria clicks on Click in the botton Next:Location], Maria data devices [Maria clicks on click computer, Maria enters 'Linux' into write computer, Maria types 'ARROW_DOWN' in write computer, Maria types 'ENTER' in write computer, Maria clicks on click version, Maria enters 'vista 64-bit' into write version, Maria types 'ARROW_DOWN' in write version, Maria types 'ENTER' in write version, Maria clicks on click languaje, Maria enters 'Spanish' into write languaje, Maria types 'ARROW_DOWN' in write languaje, Maria types 'ENTER' in write languaje, Maria clicks on click device, Maria enters 'Apple' into write device, Maria types 'ENTER' in write device, Maria clicks on click model, Maria enters 'iPhone 3G' into write model, Maria types 'ENTER' in write model, Maria clicks on click model, Maria enters 'iOS 3.0' into write model, Maria types 'ENTER' in write model, Maria clicks on Click in the botton Next:Location], Maria last step [Maria enters '9517538246Pat' into Write password, Maria enters '9517538246Pat' into Write confirm password, Maria clicks on Selection check terms of the use, Maria clicks on Selection check privacy security policy]]
[Test worker] WARN net.thucydides.core.steps.BaseStepListener - stepFinished: current outcome:Utest registration:Given than Sonia want register on the utest plataform [Maria open up page [Maria opens the Utest open up page], Maria join button [Maria clicks on the Button Joion]], When she enters her data in the registration form
| firstname | lastname | email | month | day | year | city | zip | country | yourComputer | version | language | device | model | operatingSystem | password | ConfirmPassword |
| Maria | Villamil | marivilla@gmail.com | May | 12 | 1999 | Cucuta | 025120 | Colombia | Linux | vista 64-bit | Spanish | Apple | iPhone 3G | iOS 3.0 | 9517538246Pat | 9517538246Pat | [Maria data basic [Maria enters 'Maria' into First name, Maria enters 'Villamil' into Last name, Maria enters 'marivilla@gmail.com' into Email, Maria select May on Month, Maria select 12 on Day, Maria select 1999 on Year, Maria clicks on Botton next], Maria data location [Maria enters 'Cucuta' into The city, Maria types 'ARROW_DOWN' in The city, Maria types 'ENTER' in The city, Maria clicks on The Zip, Maria enters '025120' into The Zip, Maria clicks on The country, Maria enters 'Colombia' into The country, Maria types 'ARROW_DOWN' in The country, Maria types 'ENTER' in The country, Maria clicks on Click in the botton Next:Location], Maria data devices [Maria clicks on click computer, Maria enters 'Linux' into write computer, Maria types 'ARROW_DOWN' in write computer, Maria types 'ENTER' in write computer, Maria clicks on click version, Maria enters 'vista 64-bit' into write version, Maria types 'ARROW_DOWN' in write version, Maria types 'ENTER' in write version, Maria clicks on click languaje, Maria enters 'Spanish' into write languaje, Maria types 'ARROW_DOWN' in write languaje, Maria types 'ENTER' in write languaje, Maria clicks on click device, Maria enters 'Apple' into write device, Maria types 'ENTER' in write device, Maria clicks on click model, Maria enters 'iPhone 3G' into write model, Maria types 'ENTER' in write model, Maria clicks on click model, Maria enters 'iOS 3.0' into write model, Maria types 'ENTER' in write model, Maria clicks on Click in the botton Next:Location], Maria last step [Maria enters '9517538246Pat' into Write password, Maria enters '9517538246Pat' into Write confirm password, Maria clicks on Selection check terms of the use, Maria clicks on Selection check privacy security policy]]
[Test worker] WARN net.thucydides.core.steps.BaseStepListener - stepFinished: current outcome:Utest registration:Given than Sonia want register on the utest plataform [Maria open up page [Maria opens the Utest open up page], Maria join button [Maria clicks on the Button Joion]], When she enters her data in the registration form
| firstname | lastname | email | month | day | year | city | zip | country | yourComputer | version | language | device | model | operatingSystem | password | ConfirmPassword |
| Maria | Villamil | marivilla@gmail.com | May | 12 | 1999 | Cucuta | 025120 | Colombia | Linux | vista 64-bit | Spanish | Apple | iPhone 3G | iOS 3.0 | 9517538246Pat | 9517538246Pat | [Maria data basic [Maria enters 'Maria' into First name, Maria enters 'Villamil' into Last name, Maria enters 'marivilla@gmail.com' into Email, Maria select May on Month, Maria select 12 on Day, Maria select 1999 on Year, Maria clicks on Botton next], Maria data location [Maria enters 'Cucuta' into The city, Maria types 'ARROW_DOWN' in The city, Maria types 'ENTER' in The city, Maria clicks on The Zip, Maria enters '025120' into The Zip, Maria clicks on The country, Maria enters 'Colombia' into The country, Maria types 'ARROW_DOWN' in The country, Maria types 'ENTER' in The country, Maria clicks on Click in the botton Next:Location], Maria data devices [Maria clicks on click computer, Maria enters 'Linux' into write computer, Maria types 'ARROW_DOWN' in write computer, Maria types 'ENTER' in write computer, Maria clicks on click version, Maria enters 'vista 64-bit' into write version, Maria types 'ARROW_DOWN' in write version, Maria types 'ENTER' in write version, Maria clicks on click languaje, Maria enters 'Spanish' into write languaje, Maria types 'ARROW_DOWN' in write languaje, Maria types 'ENTER' in write languaje, Maria clicks on click device, Maria enters 'Apple' into write device, Maria types 'ENTER' in write device, Maria clicks on click model, Maria enters 'iPhone 3G' into write model, Maria types 'ENTER' in write model, Maria clicks on click model, Maria enters 'iOS 3.0' into write model, Maria types 'ENTER' in write model, Maria clicks on Click in the botton Next:Location], Maria last step [Maria enters '9517538246Pat' into Write password, Maria enters '9517538246Pat' into Write confirm password, Maria clicks on Selection check terms of the use, Maria clicks on Selection check privacy security policy]]
[Test worker] WARN net.thucydides.core.steps.BaseStepListener - stepStarted: net.thucydides.core.steps.ExecutedStepDescription@294b911
[Test worker] WARN net.thucydides.core.steps.BaseStepListener - stepStarted: net.thucydides.core.steps.ExecutedStepDescription@48728407
[Test worker] WARN net.thucydides.core.steps.BaseStepListener - stepFinished: current outcome:Utest registration:Given than Sonia want register on the utest plataform [Maria open up page [Maria opens the Utest open up page], Maria join button [Maria clicks on the Button Joion]], When she enters her data in the registration form
| firstname | lastname | email | month | day | year | city | zip | country | yourComputer | version | language | device | model | operatingSystem | password | ConfirmPassword |
| Maria | Villamil | marivilla@gmail.com | May | 12 | 1999 | Cucuta | 025120 | Colombia | Linux | vista 64-bit | Spanish | Apple | iPhone 3G | iOS 3.0 | 9517538246Pat | 9517538246Pat | [Maria data basic [Maria enters 'Maria' into First name, Maria enters 'Villamil' into Last name, Maria enters 'marivilla@gmail.com' into Email, Maria select May on Month, Maria select 12 on Day, Maria select 1999 on Year, Maria clicks on Botton next], Maria data location [Maria enters 'Cucuta' into The city, Maria types 'ARROW_DOWN' in The city, Maria types 'ENTER' in The city, Maria clicks on The Zip, Maria enters '025120' into The Zip, Maria clicks on The country, Maria enters 'Colombia' into The country, Maria types 'ARROW_DOWN' in The country, Maria types 'ENTER' in The country, Maria clicks on Click in the botton Next:Location], Maria data devices [Maria clicks on click computer, Maria enters 'Linux' into write computer, Maria types 'ARROW_DOWN' in write computer, Maria types 'ENTER' in write computer, Maria clicks on click version, Maria enters 'vista 64-bit' into write version, Maria types 'ARROW_DOWN' in write version, Maria types 'ENTER' in write version, Maria clicks on click languaje, Maria enters 'Spanish' into write languaje, Maria types 'ARROW_DOWN' in write languaje, Maria types 'ENTER' in write languaje, Maria clicks on click device, Maria enters 'Apple' into write device, Maria types 'ENTER' in write device, Maria clicks on click model, Maria enters 'iPhone 3G' into write model, Maria types 'ENTER' in write model, Maria clicks on click model, Maria enters 'iOS 3.0' into write model, Maria types 'ENTER' in write model, Maria clicks on Click in the botton Next:Location], Maria last step [Maria enters '9517538246Pat' into Write password, Maria enters '9517538246Pat' into Write confirm password, Maria clicks on Selection check terms of the use, Maria clicks on Selection check privacy security policy]], Then the registration is completed by clicking on the button Complete Setup [Then answer]
[Test worker] WARN net.thucydides.core.steps.BaseStepListener - stepFinished: current outcome:Utest registration:Given than Sonia want register on the utest plataform [Maria open up page [Maria opens the Utest open up page], Maria join button [Maria clicks on the Button Joion]], When she enters her data in the registration form
| firstname | lastname | email | month | day | year | city | zip | country | yourComputer | version | language | device | model | operatingSystem | password | ConfirmPassword |
| Maria | Villamil | marivilla@gmail.com | May | 12 | 1999 | Cucuta | 025120 | Colombia | Linux | vista 64-bit | Spanish | Apple | iPhone 3G | iOS 3.0 | 9517538246Pat | 9517538246Pat | [Maria data basic [Maria enters 'Maria' into First name, Maria enters 'Villamil' into Last name, Maria enters 'marivilla@gmail.com' into Email, Maria select May on Month, Maria select 12 on Day, Maria select 1999 on Year, Maria clicks on Botton next], Maria data location [Maria enters 'Cucuta' into The city, Maria types 'ARROW_DOWN' in The city, Maria types 'ENTER' in The city, Maria clicks on The Zip, Maria enters '025120' into The Zip, Maria clicks on The country, Maria enters 'Colombia' into The country, Maria types 'ARROW_DOWN' in The country, Maria types 'ENTER' in The country, Maria clicks on Click in the botton Next:Location], Maria data devices [Maria clicks on click computer, Maria enters 'Linux' into write computer, Maria types 'ARROW_DOWN' in write computer, Maria types 'ENTER' in write computer, Maria clicks on click version, Maria enters 'vista 64-bit' into write version, Maria types 'ARROW_DOWN' in write version, Maria types 'ENTER' in write version, Maria clicks on click languaje, Maria enters 'Spanish' into write languaje, Maria types 'ARROW_DOWN' in write languaje, Maria types 'ENTER' in write languaje, Maria clicks on click device, Maria enters 'Apple' into write device, Maria types 'ENTER' in write device, Maria clicks on click model, Maria enters 'iPhone 3G' into write model, Maria types 'ENTER' in write model, Maria clicks on click model, Maria enters 'iOS 3.0' into write model, Maria types 'ENTER' in write model, Maria clicks on Click in the botton Next:Location], Maria last step [Maria enters '9517538246Pat' into Write password, Maria enters '9517538246Pat' into Write confirm password, Maria clicks on Selection check terms of the use, Maria clicks on Selection check privacy security policy]], Then the registration is completed by clicking on the button Complete Setup [Then answer]
[Test worker] WARN net.thucydides.core.steps.BaseStepListener - testFinished: Utest registration:Given than Sonia want register on the utest plataform [Maria open up page [Maria opens the Utest open up page], Maria join button [Maria clicks on the Button Joion]], When she enters her data in the registration form
| firstname | lastname | email | month | day | year | city | zip | country | yourComputer | version | language | device | model | operatingSystem | password | ConfirmPassword |
| Maria | Villamil | marivilla@gmail.com | May | 12 | 1999 | Cucuta | 025120 | Colombia | Linux | vista 64-bit | Spanish | Apple | iPhone 3G | iOS 3.0 | 9517538246Pat | 9517538246Pat | [Maria data basic [Maria enters 'Maria' into First name, Maria enters 'Villamil' into Last name, Maria enters 'marivilla@gmail.com' into Email, Maria select May on Month, Maria select 12 on Day, Maria select 1999 on Year, Maria clicks on Botton next], Maria data location [Maria enters 'Cucuta' into The city, Maria types 'ARROW_DOWN' in The city, Maria types 'ENTER' in The city, Maria clicks on The Zip, Maria enters '025120' into The Zip, Maria clicks on The country, Maria enters 'Colombia' into The country, Maria types 'ARROW_DOWN' in The country, Maria types 'ENTER' in The country, Maria clicks on Click in the botton Next:Location], Maria data devices [Maria clicks on click computer, Maria enters 'Linux' into write computer, Maria types 'ARROW_DOWN' in write computer, Maria types 'ENTER' in write computer, Maria clicks on click version, Maria enters 'vista 64-bit' into write version, Maria types 'ARROW_DOWN' in write version, Maria types 'ENTER' in write version, Maria clicks on click languaje, Maria enters 'Spanish' into write languaje, Maria types 'ARROW_DOWN' in write languaje, Maria types 'ENTER' in write languaje, Maria clicks on click device, Maria enters 'Apple' into write device, Maria types 'ENTER' in write device, Maria clicks on click model, Maria enters 'iPhone 3G' into write model, Maria types 'ENTER' in write model, Maria clicks on click model, Maria enters 'iOS 3.0' into write model, Maria types 'ENTER' in write model, Maria clicks on Click in the botton Next:Location], Maria last step [Maria enters '9517538246Pat' into Write password, Maria enters '9517538246Pat' into Write confirm password, Maria clicks on Selection check terms of the use, Maria clicks on Selection check privacy security policy]], Then the registration is completed by clicking on the button Complete Setup [Then answer]
[Test worker] WARN net.thucydides.core.steps.BaseStepListener - TestOutcomes: [Utest registration:Given than Sonia want register on the utest plataform [Maria open up page [Maria opens the Utest open up page], Maria join button [Maria clicks on the Button Joion]], When she enters her data in the registration form
| firstname | lastname | email | month | day | year | city | zip | country | yourComputer | version | language | device | model | operatingSystem | password | ConfirmPassword |
| Maria | Villamil | marivilla@gmail.com | May | 12 | 1999 | Cucuta | 025120 | Colombia | Linux | vista 64-bit | Spanish | Apple | iPhone 3G | iOS 3.0 | 9517538246Pat | 9517538246Pat | [Maria data basic [Maria enters 'Maria' into First name, Maria enters 'Villamil' into Last name, Maria enters 'marivilla@gmail.com' into Email, Maria select May on Month, Maria select 12 on Day, Maria select 1999 on Year, Maria clicks on Botton next], Maria data location [Maria enters 'Cucuta' into The city, Maria types 'ARROW_DOWN' in The city, Maria types 'ENTER' in The city, Maria clicks on The Zip, Maria enters '025120' into The Zip, Maria clicks on The country, Maria enters 'Colombia' into The country, Maria types 'ARROW_DOWN' in The country, Maria types 'ENTER' in The country, Maria clicks on Click in the botton Next:Location], Maria data devices [Maria clicks on click computer, Maria enters 'Linux' into write computer, Maria types 'ARROW_DOWN' in write computer, Maria types 'ENTER' in write computer, Maria clicks on click version, Maria enters 'vista 64-bit' into write version, Maria types 'ARROW_DOWN' in write version, Maria types 'ENTER' in write version, Maria clicks on click languaje, Maria enters 'Spanish' into write languaje, Maria types 'ARROW_DOWN' in write languaje, Maria types 'ENTER' in write languaje, Maria clicks on click device, Maria enters 'Apple' into write device, Maria types 'ENTER' in write device, Maria clicks on click model, Maria enters 'iPhone 3G' into write model, Maria types 'ENTER' in write model, Maria clicks on click model, Maria enters 'iOS 3.0' into write model, Maria types 'ENTER' in write model, Maria clicks on Click in the botton Next:Location], Maria last step [Maria enters '9517538246Pat' into Write password, Maria enters '9517538246Pat' into Write confirm password, Maria clicks on Selection check terms of the use, Maria clicks on Selection check privacy security policy]], Then the registration is completed by clicking on the button Complete Setup [Then answer]]
[Test worker] WARN net.thucydides.core.steps.BaseStepListener - Final testOutcomes: [Utest registration:Given than Sonia want register on the utest plataform [Maria open up page [Maria opens the Utest open up page], Maria join button [Maria clicks on the Button Joion]], When she enters her data in the registration form
| firstname | lastname | email | month | day | year | city | zip | country | yourComputer | version | language | device | model | operatingSystem | password | ConfirmPassword |
| Maria | Villamil | marivilla@gmail.com | May | 12 | 1999 | Cucuta | 025120 | Colombia | Linux | vista 64-bit | Spanish | Apple | iPhone 3G | iOS 3.0 | 9517538246Pat | 9517538246Pat | [Maria data basic [Maria enters 'Maria' into First name, Maria enters 'Villamil' into Last name, Maria enters 'marivilla@gmail.com' into Email, Maria select May on Month, Maria select 12 on Day, Maria select 1999 on Year, Maria clicks on Botton next], Maria data location [Maria enters 'Cucuta' into The city, Maria types 'ARROW_DOWN' in The city, Maria types 'ENTER' in The city, Maria clicks on The Zip, Maria enters '025120' into The Zip, Maria clicks on The country, Maria enters 'Colombia' into The country, Maria types 'ARROW_DOWN' in The country, Maria types 'ENTER' in The country, Maria clicks on Click in the botton Next:Location], Maria data devices [Maria clicks on click computer, Maria enters 'Linux' into write computer, Maria types 'ARROW_DOWN' in write computer, Maria types 'ENTER' in write computer, Maria clicks on click version, Maria enters 'vista 64-bit' into write version, Maria types 'ARROW_DOWN' in write version, Maria types 'ENTER' in write version, Maria clicks on click languaje, Maria enters 'Spanish' into write languaje, Maria types 'ARROW_DOWN' in write languaje, Maria types 'ENTER' in write languaje, Maria clicks on click device, Maria enters 'Apple' into write device, Maria types 'ENTER' in write device, Maria clicks on click model, Maria enters 'iPhone 3G' into write model, Maria types 'ENTER' in write model, Maria clicks on click model, Maria enters 'iOS 3.0' into write model, Maria types 'ENTER' in write model, Maria clicks on Click in the botton Next:Location], Maria last step [Maria enters '9517538246Pat' into Write password, Maria enters '9517538246Pat' into Write confirm password, Maria clicks on Selection check terms of the use, Maria clicks on Selection check privacy security policy]], Then the registration is completed by clicking on the button Complete Setup [Then answer]]
[Test worker] INFO net.thucydides.core.steps.ConsoleLoggingListener - 
        __    _____ _____ ____ _____   ____   _    ____  ____  _____ ____  
  _     \ \  |_   _| ____/ ___|_   _| |  _ \ / \  / ___|/ ___|| ____|  _ \ 
 (_)_____| |   | | |  _| \___ \ | |   | |_) / _ \ \___ \\___ \|  _| | | | |
  _|_____| |   | | | |___ ___) || |   |  __/ ___ \ ___) |___) | |___| |_| |
 (_)     | |   |_| |_____|____/ |_|   |_| /_/   \_\____/|____/|_____|____/ 
        /_/                                                                

TEST PASSED: Utest registration
----------------------------------------------------------------------------
]]></system-err>
</testsuite>
