<?xml version="1.0" encoding="UTF-8"?>
<testsuite name="Utest Platform" tests="1" skipped="0" failures="0" errors="0" timestamp="2020-11-04T04:31:34" hostname="Olivers-MacBook-Air.local" time="19.644">
  <properties/>
  <testcase name="Platform registration" classname="Utest Platform" time="19.644"/>
  <system-out><![CDATA[]]></system-out>
  <system-err><![CDATA[[Test worker] WARN net.thucydides.core.steps.BaseStepListener - stepStarted: net.thucydides.core.steps.ExecutedStepDescription@12c76777
[Test worker] WARN net.thucydides.core.steps.BaseStepListener - stepStarted: net.thucydides.core.steps.ExecutedStepDescription@4a2c43ab
[Test worker] WARN net.thucydides.core.steps.BaseStepListener - stepStarted: net.thucydides.core.steps.ExecutedStepDescription@2a284eef
nov 03, 2020 11:31:35 P.M. org.openqa.selenium.remote.DesiredCapabilities chrome
INFORMACIÓN: Using `new ChromeOptions()` is preferred to `DesiredCapabilities.chrome()`
[Test worker] INFO net.serenitybdd.core.webdriver.driverproviders.ProvideNewDriver - Instantiating driver
[Test worker] INFO net.serenitybdd.core.webdriver.driverproviders.ProvideNewDriver - Driver capabilities: Capabilities {acceptInsecureCerts: false, browserName: chrome, chrome.switches: --start-maximized, goog:chromeOptions: {args: [--start-maximized], extensions: []}, loggingPrefs: org.openqa.selenium.logging..., platform: ANY, version: }
Starting ChromeDriver 85.0.4183.87 (cd6713ebf92fa1cacc0f1a598df280093af0c5d7-refs/branch-heads/4183@{#1689}) on port 21139
Only local connections are allowed.
Please see https://chromedriver.chromium.org/security-considerations for suggestions on keeping ChromeDriver safe.
ChromeDriver was started successfully.
[1604464300.001][WARNING]: This version of ChromeDriver has not been tested with Chrome version 86.
nov 03, 2020 11:31:40 P.M. org.openqa.selenium.remote.ProtocolHandshake createSession
INFORMACIÓN: Detected dialect: W3C
[Test worker] WARN net.thucydides.core.steps.BaseStepListener - stepFinished: current outcome:Platform registration:Given than Ana wants to register on the Utest platform [Ana open up [Ana opens the Utest page]]
[Test worker] WARN net.thucydides.core.steps.BaseStepListener - stepFinished: current outcome:Platform registration:Given than Ana wants to register on the Utest platform [Ana open up [Ana opens the Utest page]]
[Test worker] WARN net.thucydides.core.steps.BaseStepListener - stepStarted: net.thucydides.core.steps.ExecutedStepDescription@333c8a16
[Test worker] WARN net.thucydides.core.steps.BaseStepListener - stepStarted: net.thucydides.core.steps.ExecutedStepDescription@5a4a5a9d
[Test worker] WARN net.thucydides.core.steps.BaseStepListener - stepFinished: current outcome:Platform registration:Given than Ana wants to register on the Utest platform [Ana open up [Ana opens the Utest page], Ana joins registration [Ana clicks on button Join Today]]
[Test worker] WARN net.thucydides.core.steps.BaseStepListener - stepFinished: current outcome:Platform registration:Given than Ana wants to register on the Utest platform [Ana open up [Ana opens the Utest page], Ana joins registration [Ana clicks on button Join Today]]
[Test worker] WARN net.thucydides.core.steps.BaseStepListener - stepFinished: current outcome:Platform registration:Given than Ana wants to register on the Utest platform [Ana open up [Ana opens the Utest page], Ana joins registration [Ana clicks on button Join Today]]
[Test worker] WARN net.thucydides.core.steps.BaseStepListener - stepStarted: net.thucydides.core.steps.ExecutedStepDescription@7eaa3949
[Test worker] WARN net.thucydides.core.steps.BaseStepListener - stepFinished: current outcome:Platform registration:Given than Ana wants to register on the Utest platform [Ana open up [Ana opens the Utest page], Ana joins registration [Ana clicks on button Join Today]], When she enters her data in the registration form
[Test worker] WARN net.thucydides.core.steps.BaseStepListener - stepStarted: net.thucydides.core.steps.ExecutedStepDescription@27d2087
[Test worker] WARN net.thucydides.core.steps.BaseStepListener - stepFinished: current outcome:Platform registration:Given than Ana wants to register on the Utest platform [Ana open up [Ana opens the Utest page], Ana joins registration [Ana clicks on button Join Today]], When she enters her data in the registration form, Then she will see the welcome message
[Test worker] WARN net.thucydides.core.steps.BaseStepListener - testFinished: Platform registration:Given than Ana wants to register on the Utest platform [Ana open up [Ana opens the Utest page], Ana joins registration [Ana clicks on button Join Today]], When she enters her data in the registration form, Then she will see the welcome message
[Test worker] WARN net.thucydides.core.steps.BaseStepListener - TestOutcomes: [Platform registration:Given than Ana wants to register on the Utest platform [Ana open up [Ana opens the Utest page], Ana joins registration [Ana clicks on button Join Today]], When she enters her data in the registration form, Then she will see the welcome message]
[Test worker] WARN net.thucydides.core.steps.BaseStepListener - Final testOutcomes: [Platform registration:Given than Ana wants to register on the Utest platform [Ana open up [Ana opens the Utest page], Ana joins registration [Ana clicks on button Join Today]], When she enters her data in the registration form, Then she will see the welcome message]
[Test worker] INFO net.thucydides.core.steps.ConsoleLoggingListener - 
        __    _____ _____ ____ _____   ____   _    ____  ____  _____ ____  
  _     \ \  |_   _| ____/ ___|_   _| |  _ \ / \  / ___|/ ___|| ____|  _ \ 
 (_)_____| |   | | |  _| \___ \ | |   | |_) / _ \ \___ \\___ \|  _| | | | |
  _|_____| |   | | | |___ ___) || |   |  __/ ___ \ ___) |___) | |___| |_| |
 (_)     | |   |_| |_____|____/ |_|   |_| /_/   \_\____/|____/|_____|____/ 
        /_/                                                                

TEST PASSED: Platform registration
----------------------------------------------------------------------------
]]></system-err>
</testsuite>
